-------------------------------------------------------------------------------
Test set: com.xueqing.demo.springbootsecurity.SpringBootSecurityApplicationTests
-------------------------------------------------------------------------------
Tests run: 1, Failures: 0, Errors: 1, Skipped: 0, Time elapsed: 4.851 s <<< FAILURE! - in com.xueqing.demo.springbootsecurity.SpringBootSecurityApplicationTests
contextLoads(com.xueqing.demo.springbootsecurity.SpringBootSecurityApplicationTests)  Time elapsed: 0.009 s  <<< ERROR!
java.lang.IllegalStateException: Failed to load ApplicationContext
Caused by: org.springframework.beans.factory.BeanCreationException: 
Error creating bean with name 'requestMappingHandlerMapping' defined in class path resource [com/xueqing/demo/springbootsecurity/config/InterceptorConfig.class]: Invocation of init method failed; nested exception is java.lang.IllegalStateException: Ambiguous mapping. Cannot map 'formController' method 
public java.lang.String com.xueqing.demo.springbootsecurity.controller.FormController.toupdate()
to {[/update]}: There is already 'formController' bean method
public java.lang.String com.xueqing.demo.springbootsecurity.controller.FormController.update(com.xueqing.demo.springbootsecurity.bean.Book) mapped.
Caused by: java.lang.IllegalStateException: 
Ambiguous mapping. Cannot map 'formController' method 
public java.lang.String com.xueqing.demo.springbootsecurity.controller.FormController.toupdate()
to {[/update]}: There is already 'formController' bean method
public java.lang.String com.xueqing.demo.springbootsecurity.controller.FormController.update(com.xueqing.demo.springbootsecurity.bean.Book) mapped.

