<?xml version="1.0" encoding="UTF-8"?>
<testsuite xmlns:xsi="http://www.w3.org/2001/XMLSchema-instance" xsi:noNamespaceSchemaLocation="https://maven.apache.org/surefire/maven-surefire-plugin/xsd/surefire-test-report.xsd" name="com.xueqing.demo.springbootsecurity.SpringBootSecurityApplicationTests" time="4.851" tests="1" errors="1" skipped="0" failures="0">
  <properties>
[...]
</properties>
  <testcase name="contextLoads" classname="com.xueqing.demo.springbootsecurity.SpringBootSecurityApplicationTests" time="0.009">
    <error message="Failed to load ApplicationContext" type="java.lang.IllegalStateException">java.lang.IllegalStateException: Failed to load ApplicationContext
Caused by: org.springframework.beans.factory.BeanCreationException: 
Error creating bean with name 'requestMappingHandlerMapping' defined in class path resource [com/xueqing/demo/springbootsecurity/config/InterceptorConfig.class]: Invocation of init method failed; nested exception is java.lang.IllegalStateException: Ambiguous mapping. Cannot map 'formController' method 
public java.lang.String com.xueqing.demo.springbootsecurity.controller.FormController.toupdate()
to {[/update]}: There is already 'formController' bean method
public java.lang.String com.xueqing.demo.springbootsecurity.controller.FormController.update(com.xueqing.demo.springbootsecurity.bean.Book) mapped.
Caused by: java.lang.IllegalStateException: 
Ambiguous mapping. Cannot map 'formController' method 
public java.lang.String com.xueqing.demo.springbootsecurity.controller.FormController.toupdate()
to {[/update]}: There is already 'formController' bean method
public java.lang.String com.xueqing.demo.springbootsecurity.controller.FormController.update(com.xueqing.demo.springbootsecurity.bean.Book) mapped.
</error>
    <system-out><![CDATA[19:11:29.329 [main] DEBUG org.springframework.test.context.junit4.SpringJUnit4ClassRunner - SpringJUnit4ClassRunner constructor called with [class com.xueqing.demo.springbootsecurity.SpringBootSecurityApplicationTests]
19:11:29.337 [main] DEBUG org.springframework.test.context.BootstrapUtils - Instantiating CacheAwareContextLoaderDelegate from class [org.springframework.test.context.cache.DefaultCacheAwareContextLoaderDelegate]
19:11:29.349 [main] DEBUG org.springframework.test.context.BootstrapUtils - Instantiating BootstrapContext using constructor [public org.springframework.test.context.support.DefaultBootstrapContext(java.lang.Class,org.springframework.test.context.CacheAwareContextLoaderDelegate)]
19:11:29.368 [main] DEBUG org.springframework.test.context.BootstrapUtils - Instantiating TestContextBootstrapper for test class [com.xueqing.demo.springbootsecurity.SpringBootSecurityApplicationTests] from class [org.springframework.boot.test.context.SpringBootTestContextBootstrapper]
19:11:29.429 [main] INFO org.springframework.boot.test.context.SpringBootTestContextBootstrapper - Neither @ContextConfiguration nor @ContextHierarchy found for test class [com.xueqing.demo.springbootsecurity.SpringBootSecurityApplicationTests], using SpringBootContextLoader
19:11:29.441 [main] DEBUG org.springframework.test.context.support.AbstractContextLoader - Did not detect default resource location for test class [com.xueqing.demo.springbootsecurity.SpringBootSecurityApplicationTests]: class path resource [com/xueqing/demo/springbootsecurity/SpringBootSecurityApplicationTests-context.xml] does not exist
19:11:29.441 [main] DEBUG org.springframework.test.context.support.AbstractContextLoader - Did not detect default resource location for test class [com.xueqing.demo.springbootsecurity.SpringBootSecurityApplicationTests]: class path resource [com/xueqing/demo/springbootsecurity/SpringBootSecurityApplicationTestsContext.groovy] does not exist
19:11:29.441 [main] INFO org.springframework.test.context.support.AbstractContextLoader - Could not detect default resource locations for test class [com.xueqing.demo.springbootsecurity.SpringBootSecurityApplicationTests]: no resource found for suffixes {-context.xml, Context.groovy}.
19:11:29.443 [main] INFO org.springframework.test.context.support.AnnotationConfigContextLoaderUtils - Could not detect default configuration classes for test class [com.xueqing.demo.springbootsecurity.SpringBootSecurityApplicationTests]: SpringBootSecurityApplicationTests does not declare any static, non-private, non-final, nested classes annotated with @Configuration.
19:11:29.481 [main] DEBUG org.springframework.test.context.support.ActiveProfilesUtils - Could not find an 'annotation declaring class' for annotation type [org.springframework.test.context.ActiveProfiles] and class [com.xueqing.demo.springbootsecurity.SpringBootSecurityApplicationTests]
19:11:29.487 [main] DEBUG org.springframework.core.env.StandardEnvironment - Adding PropertySource 'systemProperties' with lowest search precedence
19:11:29.488 [main] DEBUG org.springframework.core.env.StandardEnvironment - Adding PropertySource 'systemEnvironment' with lowest search precedence
19:11:29.488 [main] DEBUG org.springframework.core.env.StandardEnvironment - Initialized StandardEnvironment with PropertySources [MapPropertySource@510109769 {name='systemProperties', properties={idea.version=2018.3, java.runtime.name=Java(TM) SE Runtime Environment, sun.boot.library.path=F:\jdk\jdk1.8\jre\bin, java.vm.version=25.66-b18, java.vm.vendor=Oracle Corporation, java.vendor.url=http://java.oracle.com/, path.separator=;, java.vm.name=Java HotSpot(TM) 64-Bit Server VM, file.encoding.pkg=sun.io, user.country=CN, user.script=, sun.java.launcher=SUN_STANDARD, sun.os.patch.level=, java.vm.specification.name=Java Virtual Machine Specification, user.dir=F:\Yunjisuan0014(idea)\SpringBootCecurity, java.runtime.version=1.8.0_66-b18, basedir=F:\Yunjisuan0014(idea)\SpringBootCecurity, java.awt.graphicsenv=sun.awt.Win32GraphicsEnvironment, java.endorsed.dirs=F:\jdk\jdk1.8\jre\lib\endorsed, os.arch=amd64, surefire.real.class.path=C:\Users\admin\AppData\Local\Temp\surefire6470454677810458920\surefirebooter7299712182464853556.jar, java.io.tmpdir=C:\Users\admin\AppData\Local\Temp\, line.separator=
, java.vm.specification.vendor=Oracle Corporation, user.variant=, os.name=Windows 10, sun.jnu.encoding=GBK, java.library.path=F:\jdk\jdk1.8\jre\bin;C:\WINDOWS\Sun\Java\bin;C:\WINDOWS\system32;C:\WINDOWS;C:\Program Files (x86)\Intel\iCLS Client\;C:\Program Files\Intel\iCLS Client\;C:\ProgramData\Oracle\Java\javapath;C:\WINDOWS\system32;C:\WINDOWS;C:\WINDOWS\System32\Wbem;C:\WINDOWS\System32\WindowsPowerShell\v1.0\;C:\WINDOWS\System32\OpenSSH\;C:\Program Files (x86)\Intel\Intel(R) Management Engine Components\DAL;C:\Program Files\Intel\Intel(R) Management Engine Components\DAL;C:\Program Files (x86)\Intel\Intel(R) Management Engine Components\IPT;C:\Program Files\Intel\Intel(R) Management Engine Components\IPT;C:\Program Files (x86)\NVIDIA Corporation\PhysX\Common;C:\Program Files\Intel\WiFi\bin\;C:\Program Files\Common Files\Intel\WirelessCommon\;".;F:\jdk\jdk1.8\lib;F:\jdk\jdk1.8\lib\tools.jar";F:\1612A\node\;C:\Program Files\TortoiseGit\bin;C:\Program Files\Git\cmd;F:\SVN\location\bin;C:\Program Files\TortoiseSVN\bin;C:\Users\admin\AppData\Local\Microsoft\WindowsApps;F:\SQL\MySQL\bin;C:\Program Files\Intel\WiFi\bin\;C:\Program Files\Common Files\Intel\WirelessCommon\;C:\Users\admin\AppData\Roaming\npm;., surefire.test.class.path=F:\Yunjisuan0014(idea)\SpringBootCecurity\target\test-classes;F:\Yunjisuan0014(idea)\SpringBootCecurity\target\classes;F:\1612B\repository_tensquare\repository_tensquare\org\springframework\boot\spring-boot-starter-web\2.0.3.RELEASE\spring-boot-starter-web-2.0.3.RELEASE.jar;F:\1612B\repository_tensquare\repository_tensquare\org\springframework\boot\spring-boot-starter\2.0.3.RELEASE\spring-boot-starter-2.0.3.RELEASE.jar;F:\1612B\repository_tensquare\repository_tensquare\org\springframework\boot\spring-boot-starter-logging\2.0.3.RELEASE\spring-boot-starter-logging-2.0.3.RELEASE.jar;F:\1612B\repository_tensquare\repository_tensquare\ch\qos\logback\logback-classic\1.2.3\logback-classic-1.2.3.jar;F:\1612B\repository_tensquare\repository_tensquare\ch\qos\logback\logback-core\1.2.3\logback-core-1.2.3.jar;F:\1612B\repository_tensquare\repository_tensquare\org\apache\logging\log4j\log4j-to-slf4j\2.10.0\log4j-to-slf4j-2.10.0.jar;F:\1612B\repository_tensquare\repository_tensquare\org\apache\logging\log4j\log4j-api\2.10.0\log4j-api-2.10.0.jar;F:\1612B\repository_tensquare\repository_tensquare\org\slf4j\jul-to-slf4j\1.7.25\jul-to-slf4j-1.7.25.jar;F:\1612B\repository_tensquare\repository_tensquare\javax\annotation\javax.annotation-api\1.3.2\javax.annotation-api-1.3.2.jar;F:\1612B\repository_tensquare\repository_tensquare\org\yaml\snakeyaml\1.19\snakeyaml-1.19.jar;F:\1612B\repository_tensquare\repository_tensquare\org\springframework\boot\spring-boot-starter-json\2.0.3.RELEASE\spring-boot-starter-json-2.0.3.RELEASE.jar;F:\1612B\repository_tensquare\repository_tensquare\com\fasterxml\jackson\core\jackson-databind\2.9.6\jackson-databind-2.9.6.jar;F:\1612B\repository_tensquare\repository_tensquare\com\fasterxml\jackson\core\jackson-annotations\2.9.0\jackson-annotations-2.9.0.jar;F:\1612B\repository_tensquare\repository_tensquare\com\fasterxml\jackson\core\jackson-core\2.9.6\jackson-core-2.9.6.jar;F:\1612B\repository_tensquare\repository_tensquare\com\fasterxml\jackson\datatype\jackson-datatype-jdk8\2.9.6\jackson-datatype-jdk8-2.9.6.jar;F:\1612B\repository_tensquare\repository_tensquare\com\fasterxml\jackson\datatype\jackson-datatype-jsr310\2.9.6\jackson-datatype-jsr310-2.9.6.jar;F:\1612B\repository_tensquare\repository_tensquare\com\fasterxml\jackson\module\jackson-module-parameter-names\2.9.6\jackson-module-parameter-names-2.9.6.jar;F:\1612B\repository_tensquare\repository_tensquare\org\springframework\boot\spring-boot-starter-tomcat\2.0.3.RELEASE\spring-boot-starter-tomcat-2.0.3.RELEASE.jar;F:\1612B\repository_tensquare\repository_tensquare\org\apache\tomcat\embed\tomcat-embed-websocket\8.5.31\tomcat-embed-websocket-8.5.31.jar;F:\1612B\repository_tensquare\repository_tensquare\org\hibernate\validator\hibernate-validator\6.0.10.Final\hibernate-validator-6.0.10.Final.jar;F:\1612B\repository_tensquare\repository_tensquare\org\jboss\logging\jboss-logging\3.3.2.Final\jboss-logging-3.3.2.Final.jar;F:\1612B\repository_tensquare\repository_tensquare\com\fasterxml\classmate\1.3.4\classmate-1.3.4.jar;F:\1612B\repository_tensquare\repository_tensquare\org\springframework\spring-web\5.0.7.RELEASE\spring-web-5.0.7.RELEASE.jar;F:\1612B\repository_tensquare\repository_tensquare\org\springframework\spring-beans\5.0.7.RELEASE\spring-beans-5.0.7.RELEASE.jar;F:\1612B\repository_tensquare\repository_tensquare\org\springframework\spring-webmvc\5.0.7.RELEASE\spring-webmvc-5.0.7.RELEASE.jar;F:\1612B\repository_tensquare\repository_tensquare\org\springframework\spring-expression\5.0.7.RELEASE\spring-expression-5.0.7.RELEASE.jar;F:\1612B\repository_tensquare\repository_tensquare\org\springframework\boot\spring-boot-devtools\2.0.3.RELEASE\spring-boot-devtools-2.0.3.RELEASE.jar;F:\1612B\repository_tensquare\repository_tensquare\org\springframework\boot\spring-boot\2.0.3.RELEASE\spring-boot-2.0.3.RELEASE.jar;F:\1612B\repository_tensquare\repository_tensquare\org\springframework\boot\spring-boot-autoconfigure\2.0.3.RELEASE\spring-boot-autoconfigure-2.0.3.RELEASE.jar;F:\1612B\repository_tensquare\repository_tensquare\org\springframework\boot\spring-boot-starter-jdbc\2.0.3.RELEASE\spring-boot-starter-jdbc-2.0.3.RELEASE.jar;F:\1612B\repository_tensquare\repository_tensquare\com\zaxxer\HikariCP\2.7.9\HikariCP-2.7.9.jar;F:\1612B\repository_tensquare\repository_tensquare\org\springframework\spring-jdbc\5.0.7.RELEASE\spring-jdbc-5.0.7.RELEASE.jar;F:\1612B\repository_tensquare\repository_tensquare\org\springframework\spring-tx\5.0.7.RELEASE\spring-tx-5.0.7.RELEASE.jar;F:\1612B\repository_tensquare\repository_tensquare\org\springframework\boot\spring-boot-starter-test\2.0.3.RELEASE\spring-boot-starter-test-2.0.3.RELEASE.jar;F:\1612B\repository_tensquare\repository_tensquare\org\springframework\boot\spring-boot-test\2.0.3.RELEASE\spring-boot-test-2.0.3.RELEASE.jar;F:\1612B\repository_tensquare\repository_tensquare\org\springframework\boot\spring-boot-test-autoconfigure\2.0.3.RELEASE\spring-boot-test-autoconfigure-2.0.3.RELEASE.jar;F:\1612B\repository_tensquare\repository_tensquare\com\jayway\jsonpath\json-path\2.4.0\json-path-2.4.0.jar;F:\1612B\repository_tensquare\repository_tensquare\net\minidev\json-smart\2.3\json-smart-2.3.jar;F:\1612B\repository_tensquare\repository_tensquare\net\minidev\accessors-smart\1.2\accessors-smart-1.2.jar;F:\1612B\repository_tensquare\repository_tensquare\org\ow2\asm\asm\5.0.4\asm-5.0.4.jar;F:\1612B\repository_tensquare\repository_tensquare\junit\junit\4.12\junit-4.12.jar;F:\1612B\repository_tensquare\repository_tensquare\org\assertj\assertj-core\3.9.1\assertj-core-3.9.1.jar;F:\1612B\repository_tensquare\repository_tensquare\org\mockito\mockito-core\2.15.0\mockito-core-2.15.0.jar;F:\1612B\repository_tensquare\repository_tensquare\net\bytebuddy\byte-buddy\1.7.11\byte-buddy-1.7.11.jar;F:\1612B\repository_tensquare\repository_tensquare\net\bytebuddy\byte-buddy-agent\1.7.11\byte-buddy-agent-1.7.11.jar;F:\1612B\repository_tensquare\repository_tensquare\org\objenesis\objenesis\2.6\objenesis-2.6.jar;F:\1612B\repository_tensquare\repository_tensquare\org\hamcrest\hamcrest-core\1.3\hamcrest-core-1.3.jar;F:\1612B\repository_tensquare\repository_tensquare\org\hamcrest\hamcrest-library\1.3\hamcrest-library-1.3.jar;F:\1612B\repository_tensquare\repository_tensquare\org\skyscreamer\jsonassert\1.5.0\jsonassert-1.5.0.jar;F:\1612B\repository_tensquare\repository_tensquare\com\vaadin\external\google\android-json\0.0.20131108.vaadin1\android-json-0.0.20131108.vaadin1.jar;F:\1612B\repository_tensquare\repository_tensquare\org\springframework\spring-core\5.0.7.RELEASE\spring-core-5.0.7.RELEASE.jar;F:\1612B\repository_tensquare\repository_tensquare\org\springframework\spring-jcl\5.0.7.RELEASE\spring-jcl-5.0.7.RELEASE.jar;F:\1612B\repository_tensquare\repository_tensquare\org\springframework\spring-test\5.0.7.RELEASE\spring-test-5.0.7.RELEASE.jar;F:\1612B\repository_tensquare\repository_tensquare\org\xmlunit\xmlunit-core\2.5.1\xmlunit-core-2.5.1.jar;F:\1612B\repository_tensquare\repository_tensquare\org\mybatis\spring\boot\mybatis-spring-boot-starter\1.3.1\mybatis-spring-boot-starter-1.3.1.jar;F:\1612B\repository_tensquare\repository_tensquare\org\mybatis\spring\boot\mybatis-spring-boot-autoconfigure\1.3.1\mybatis-spring-boot-autoconfigure-1.3.1.jar;F:\1612B\repository_tensquare\repository_tensquare\org\mybatis\mybatis\3.4.5\mybatis-3.4.5.jar;F:\1612B\repository_tensquare\repository_tensquare\org\mybatis\mybatis-spring\1.3.1\mybatis-spring-1.3.1.jar;F:\1612B\repository_tensquare\repository_tensquare\org\springframework\boot\spring-boot-starter-cache\2.0.3.RELEASE\spring-boot-starter-cache-2.0.3.RELEASE.jar;F:\1612B\repository_tensquare\repository_tensquare\org\springframework\spring-context\5.0.7.RELEASE\spring-context-5.0.7.RELEASE.jar;F:\1612B\repository_tensquare\repository_tensquare\org\springframework\spring-context-support\5.0.7.RELEASE\spring-context-support-5.0.7.RELEASE.jar;F:\1612B\repository_tensquare\repository_tensquare\org\springframework\boot\spring-boot-starter-data-redis\2.0.3.RELEASE\spring-boot-starter-data-redis-2.0.3.RELEASE.jar;F:\1612B\repository_tensquare\repository_tensquare\org\springframework\data\spring-data-redis\2.0.8.RELEASE\spring-data-redis-2.0.8.RELEASE.jar;F:\1612B\repository_tensquare\repository_tensquare\org\springframework\data\spring-data-keyvalue\2.0.8.RELEASE\spring-data-keyvalue-2.0.8.RELEASE.jar;F:\1612B\repository_tensquare\repository_tensquare\org\springframework\data\spring-data-commons\2.0.8.RELEASE\spring-data-commons-2.0.8.RELEASE.jar;F:\1612B\repository_tensquare\repository_tensquare\org\springframework\spring-oxm\5.0.7.RELEASE\spring-oxm-5.0.7.RELEASE.jar;F:\1612B\repository_tensquare\repository_tensquare\io\lettuce\lettuce-core\5.0.4.RELEASE\lettuce-core-5.0.4.RELEASE.jar;F:\1612B\repository_tensquare\repository_tensquare\io\projectreactor\reactor-core\3.1.8.RELEASE\reactor-core-3.1.8.RELEASE.jar;F:\1612B\repository_tensquare\repository_tensquare\org\reactivestreams\reactive-streams\1.0.2\reactive-streams-1.0.2.jar;F:\1612B\repository_tensquare\repository_tensquare\io\netty\netty-common\4.1.25.Final\netty-common-4.1.25.Final.jar;F:\1612B\repository_tensquare\repository_tensquare\io\netty\netty-transport\4.1.25.Final\netty-transport-4.1.25.Final.jar;F:\1612B\repository_tensquare\repository_tensquare\io\netty\netty-buffer\4.1.25.Final\netty-buffer-4.1.25.Final.jar;F:\1612B\repository_tensquare\repository_tensquare\io\netty\netty-resolver\4.1.25.Final\netty-resolver-4.1.25.Final.jar;F:\1612B\repository_tensquare\repository_tensquare\io\netty\netty-handler\4.1.25.Final\netty-handler-4.1.25.Final.jar;F:\1612B\repository_tensquare\repository_tensquare\io\netty\netty-codec\4.1.25.Final\netty-codec-4.1.25.Final.jar;F:\1612B\repository_tensquare\repository_tensquare\org\springframework\session\spring-session-data-redis\2.0.4.RELEASE\spring-session-data-redis-2.0.4.RELEASE.jar;F:\1612B\repository_tensquare\repository_tensquare\org\springframework\session\spring-session-core\2.0.4.RELEASE\spring-session-core-2.0.4.RELEASE.jar;F:\1612B\repository_tensquare\repository_tensquare\mysql\mysql-connector-java\8.0.11\mysql-connector-java-8.0.11.jar;F:\1612B\repository_tensquare\repository_tensquare\com\google\protobuf\protobuf-java\2.6.0\protobuf-java-2.6.0.jar;F:\1612B\repository_tensquare\repository_tensquare\org\springframework\boot\spring-boot-starter-security\2.0.3.RELEASE\spring-boot-starter-security-2.0.3.RELEASE.jar;F:\1612B\repository_tensquare\repository_tensquare\org\springframework\spring-aop\5.0.7.RELEASE\spring-aop-5.0.7.RELEASE.jar;F:\1612B\repository_tensquare\repository_tensquare\org\springframework\security\spring-security-config\5.0.6.RELEASE\spring-security-config-5.0.6.RELEASE.jar;F:\1612B\repository_tensquare\repository_tensquare\org\springframework\security\spring-security-core\5.0.6.RELEASE\spring-security-core-5.0.6.RELEASE.jar;F:\1612B\repository_tensquare\repository_tensquare\org\springframework\security\spring-security-web\5.0.6.RELEASE\spring-security-web-5.0.6.RELEASE.jar;F:\1612B\repository_tensquare\repository_tensquare\org\springframework\boot\spring-boot-starter-thymeleaf\2.0.3.RELEASE\spring-boot-starter-thymeleaf-2.0.3.RELEASE.jar;F:\1612B\repository_tensquare\repository_tensquare\org\thymeleaf\thymeleaf-spring5\3.0.9.RELEASE\thymeleaf-spring5-3.0.9.RELEASE.jar;F:\1612B\repository_tensquare\repository_tensquare\org\thymeleaf\thymeleaf\3.0.9.RELEASE\thymeleaf-3.0.9.RELEASE.jar;F:\1612B\repository_tensquare\repository_tensquare\org\attoparser\attoparser\2.0.4.RELEASE\attoparser-2.0.4.RELEASE.jar;F:\1612B\repository_tensquare\repository_tensquare\org\unbescape\unbescape\1.1.5.RELEASE\unbescape-1.1.5.RELEASE.jar;F:\1612B\repository_tensquare\repository_tensquare\org\thymeleaf\extras\thymeleaf-extras-java8time\3.0.1.RELEASE\thymeleaf-extras-java8time-3.0.1.RELEASE.jar;F:\1612B\repository_tensquare\repository_tensquare\com\github\axet\kaptcha\0.0.9\kaptcha-0.0.9.jar;F:\1612B\repository_tensquare\repository_tensquare\com\jhlabs\filters\2.0.235\filters-2.0.235.jar;F:\1612B\repository_tensquare\repository_tensquare\net\sourceforge\nekohtml\nekohtml\1.9.22\nekohtml-1.9.22.jar;F:\1612B\repository_tensquare\repository_tensquare\xerces\xercesImpl\2.11.0\xercesImpl-2.11.0.jar;F:\1612B\repository_tensquare\repository_tensquare\xml-apis\xml-apis\1.4.01\xml-apis-1.4.01.jar;F:\1612B\repository_tensquare\repository_tensquare\org\apache\tomcat\embed\tomcat-embed-jasper\8.5.31\tomcat-embed-jasper-8.5.31.jar;F:\1612B\repository_tensquare\repository_tensquare\org\apache\tomcat\embed\tomcat-embed-core\8.5.31\tomcat-embed-core-8.5.31.jar;F:\1612B\repository_tensquare\repository_tensquare\org\apache\tomcat\tomcat-annotations-api\8.5.31\tomcat-annotations-api-8.5.31.jar;F:\1612B\repository_tensquare\repository_tensquare\org\apache\tomcat\embed\tomcat-embed-el\8.5.31\tomcat-embed-el-8.5.31.jar;F:\1612B\repository_tensquare\repository_tensquare\org\eclipse\jdt\ecj\3.12.3\ecj-3.12.3.jar;F:\1612B\repository_tensquare\repository_tensquare\com\alibaba\druid-spring-boot-starter\1.1.9\druid-spring-boot-starter-1.1.9.jar;F:\1612B\repository_tensquare\repository_tensquare\com\alibaba\druid\1.1.9\druid-1.1.9.jar;F:\1612B\repository_tensquare\repository_tensquare\org\slf4j\slf4j-api\1.7.25\slf4j-api-1.7.25.jar;F:\1612B\repository_tensquare\repository_tensquare\javax\servlet\javax.servlet-api\3.1.0\javax.servlet-api-3.1.0.jar;F:\1612B\repository_tensquare\repository_tensquare\jstl\jstl\1.2\jstl-1.2.jar;F:\1612B\repository_tensquare\repository_tensquare\com\github\pagehelper\pagehelper-spring-boot-starter\1.2.4\pagehelper-spring-boot-starter-1.2.4.jar;F:\1612B\repository_tensquare\repository_tensquare\com\github\pagehelper\pagehelper-spring-boot-autoconfigure\1.2.4\pagehelper-spring-boot-autoconfigure-1.2.4.jar;F:\1612B\repository_tensquare\repository_tensquare\com\github\pagehelper\pagehelper\5.1.3\pagehelper-5.1.3.jar;F:\1612B\repository_tensquare\repository_tensquare\com\github\jsqlparser\jsqlparser\1.0\jsqlparser-1.0.jar;F:\1612B\repository_tensquare\repository_tensquare\org\apache\ant\ant\1.8.1\ant-1.8.1.jar;F:\1612B\repository_tensquare\repository_tensquare\org\apache\ant\ant-launcher\1.8.1\ant-launcher-1.8.1.jar;F:\1612B\repository_tensquare\repository_tensquare\cn\afterturn\easypoi-base\3.0.3\easypoi-base-3.0.3.jar;F:\1612B\repository_tensquare\repository_tensquare\org\apache\poi\poi\3.15\poi-3.15.jar;F:\1612B\repository_tensquare\repository_tensquare\commons-codec\commons-codec\1.11\commons-codec-1.11.jar;F:\1612B\repository_tensquare\repository_tensquare\org\apache\commons\commons-collections4\4.1\commons-collections4-4.1.jar;F:\1612B\repository_tensquare\repository_tensquare\org\apache\poi\poi-ooxml\3.15\poi-ooxml-3.15.jar;F:\1612B\repository_tensquare\repository_tensquare\com\github\virtuald\curvesapi\1.04\curvesapi-1.04.jar;F:\1612B\repository_tensquare\repository_tensquare\org\apache\poi\poi-ooxml-schemas\3.15\poi-ooxml-schemas-3.15.jar;F:\1612B\repository_tensquare\repository_tensquare\org\apache\xmlbeans\xmlbeans\2.6.0\xmlbeans-2.6.0.jar;F:\1612B\repository_tensquare\repository_tensquare\stax\stax-api\1.0.1\stax-api-1.0.1.jar;F:\1612B\repository_tensquare\repository_tensquare\com\google\guava\guava\16.0.1\guava-16.0.1.jar;F:\1612B\repository_tensquare\repository_tensquare\org\apache\commons\commons-lang3\3.7\commons-lang3-3.7.jar;F:\1612B\repository_tensquare\repository_tensquare\javax\validation\validation-api\2.0.1.Final\validation-api-2.0.1.Final.jar;F:\1612B\repository_tensquare\repository_tensquare\cn\afterturn\easypoi-web\3.0.3\easypoi-web-3.0.3.jar;F:\1612B\repository_tensquare\repository_tensquare\cn\afterturn\easypoi-annotation\3.0.3\easypoi-annotation-3.0.3.jar;F:\1612B\repository_tensquare\repository_tensquare\commons-fileupload\commons-fileupload\1.3.1\commons-fileupload-1.3.1.jar;F:\1612B\repository_tensquare\repository_tensquare\commons-io\commons-io\2.2\commons-io-2.2.jar;F:\1612B\repository_tensquare\repository_tensquare\org\projectlombok\lombok\1.16.22\lombok-1.16.22.jar;F:\1612B\repository_tensquare\repository_tensquare\com\alibaba\fastjson\1.2.40\fastjson-1.2.40.jar;F:\1612B\repository_tensquare\repository_tensquare\c3p0\c3p0\0.9.1.2\c3p0-0.9.1.2.jar;F:\1612B\repository_tensquare\repository_tensquare\javax\persistence\persistence-api\1.0\persistence-api-1.0.jar;, java.specification.name=Java Platform API Specification, java.class.version=52.0, sun.management.compiler=HotSpot 64-Bit Tiered Compilers, maven.repo.local=F:\1612B\repository_tensquare\repository_tensquare, os.version=10.0, user.home=C:\Users\admin, user.timezone=Asia/Shanghai, java.awt.printerjob=sun.awt.windows.WPrinterJob, file.encoding=UTF-8, java.specification.version=1.8, java.class.path=F:\Yunjisuan0014(idea)\SpringBootCecurity\target\test-classes;F:\Yunjisuan0014(idea)\SpringBootCecurity\target\classes;F:\1612B\repository_tensquare\repository_tensquare\org\springframework\boot\spring-boot-starter-web\2.0.3.RELEASE\spring-boot-starter-web-2.0.3.RELEASE.jar;F:\1612B\repository_tensquare\repository_tensquare\org\springframework\boot\spring-boot-starter\2.0.3.RELEASE\spring-boot-starter-2.0.3.RELEASE.jar;F:\1612B\repository_tensquare\repository_tensquare\org\springframework\boot\spring-boot-starter-logging\2.0.3.RELEASE\spring-boot-starter-logging-2.0.3.RELEASE.jar;F:\1612B\repository_tensquare\repository_tensquare\ch\qos\logback\logback-classic\1.2.3\logback-classic-1.2.3.jar;F:\1612B\repository_tensquare\repository_tensquare\ch\qos\logback\logback-core\1.2.3\logback-core-1.2.3.jar;F:\1612B\repository_tensquare\repository_tensquare\org\apache\logging\log4j\log4j-to-slf4j\2.10.0\log4j-to-slf4j-2.10.0.jar;F:\1612B\repository_tensquare\repository_tensquare\org\apache\logging\log4j\log4j-api\2.10.0\log4j-api-2.10.0.jar;F:\1612B\repository_tensquare\repository_tensquare\org\slf4j\jul-to-slf4j\1.7.25\jul-to-slf4j-1.7.25.jar;F:\1612B\repository_tensquare\repository_tensquare\javax\annotation\javax.annotation-api\1.3.2\javax.annotation-api-1.3.2.jar;F:\1612B\repository_tensquare\repository_tensquare\org\yaml\snakeyaml\1.19\snakeyaml-1.19.jar;F:\1612B\repository_tensquare\repository_tensquare\org\springframework\boot\spring-boot-starter-json\2.0.3.RELEASE\spring-boot-starter-json-2.0.3.RELEASE.jar;F:\1612B\repository_tensquare\repository_tensquare\com\fasterxml\jackson\core\jackson-databind\2.9.6\jackson-databind-2.9.6.jar;F:\1612B\repository_tensquare\repository_tensquare\com\fasterxml\jackson\core\jackson-annotations\2.9.0\jackson-annotations-2.9.0.jar;F:\1612B\repository_tensquare\repository_tensquare\com\fasterxml\jackson\core\jackson-core\2.9.6\jackson-core-2.9.6.jar;F:\1612B\repository_tensquare\repository_tensquare\com\fasterxml\jackson\datatype\jackson-datatype-jdk8\2.9.6\jackson-datatype-jdk8-2.9.6.jar;F:\1612B\repository_tensquare\repository_tensquare\com\fasterxml\jackson\datatype\jackson-datatype-jsr310\2.9.6\jackson-datatype-jsr310-2.9.6.jar;F:\1612B\repository_tensquare\repository_tensquare\com\fasterxml\jackson\module\jackson-module-parameter-names\2.9.6\jackson-module-parameter-names-2.9.6.jar;F:\1612B\repository_tensquare\repository_tensquare\org\springframework\boot\spring-boot-starter-tomcat\2.0.3.RELEASE\spring-boot-starter-tomcat-2.0.3.RELEASE.jar;F:\1612B\repository_tensquare\repository_tensquare\org\apache\tomcat\embed\tomcat-embed-websocket\8.5.31\tomcat-embed-websocket-8.5.31.jar;F:\1612B\repository_tensquare\repository_tensquare\org\hibernate\validator\hibernate-validator\6.0.10.Final\hibernate-validator-6.0.10.Final.jar;F:\1612B\repository_tensquare\repository_tensquare\org\jboss\logging\jboss-logging\3.3.2.Final\jboss-logging-3.3.2.Final.jar;F:\1612B\repository_tensquare\repository_tensquare\com\fasterxml\classmate\1.3.4\classmate-1.3.4.jar;F:\1612B\repository_tensquare\repository_tensquare\org\springframework\spring-web\5.0.7.RELEASE\spring-web-5.0.7.RELEASE.jar;F:\1612B\repository_tensquare\repository_tensquare\org\springframework\spring-beans\5.0.7.RELEASE\spring-beans-5.0.7.RELEASE.jar;F:\1612B\repository_tensquare\repository_tensquare\org\springframework\spring-webmvc\5.0.7.RELEASE\spring-webmvc-5.0.7.RELEASE.jar;F:\1612B\repository_tensquare\repository_tensquare\org\springframework\spring-expression\5.0.7.RELEASE\spring-expression-5.0.7.RELEASE.jar;F:\1612B\repository_tensquare\repository_tensquare\org\springframework\boot\spring-boot-devtools\2.0.3.RELEASE\spring-boot-devtools-2.0.3.RELEASE.jar;F:\1612B\repository_tensquare\repository_tensquare\org\springframework\boot\spring-boot\2.0.3.RELEASE\spring-boot-2.0.3.RELEASE.jar;F:\1612B\repository_tensquare\repository_tensquare\org\springframework\boot\spring-boot-autoconfigure\2.0.3.RELEASE\spring-boot-autoconfigure-2.0.3.RELEASE.jar;F:\1612B\repository_tensquare\repository_tensquare\org\springframework\boot\spring-boot-starter-jdbc\2.0.3.RELEASE\spring-boot-starter-jdbc-2.0.3.RELEASE.jar;F:\1612B\repository_tensquare\repository_tensquare\com\zaxxer\HikariCP\2.7.9\HikariCP-2.7.9.jar;F:\1612B\repository_tensquare\repository_tensquare\org\springframework\spring-jdbc\5.0.7.RELEASE\spring-jdbc-5.0.7.RELEASE.jar;F:\1612B\repository_tensquare\repository_tensquare\org\springframework\spring-tx\5.0.7.RELEASE\spring-tx-5.0.7.RELEASE.jar;F:\1612B\repository_tensquare\repository_tensquare\org\springframework\boot\spring-boot-starter-test\2.0.3.RELEASE\spring-boot-starter-test-2.0.3.RELEASE.jar;F:\1612B\repository_tensquare\repository_tensquare\org\springframework\boot\spring-boot-test\2.0.3.RELEASE\spring-boot-test-2.0.3.RELEASE.jar;F:\1612B\repository_tensquare\repository_tensquare\org\springframework\boot\spring-boot-test-autoconfigure\2.0.3.RELEASE\spring-boot-test-autoconfigure-2.0.3.RELEASE.jar;F:\1612B\repository_tensquare\repository_tensquare\com\jayway\jsonpath\json-path\2.4.0\json-path-2.4.0.jar;F:\1612B\repository_tensquare\repository_tensquare\net\minidev\json-smart\2.3\json-smart-2.3.jar;F:\1612B\repository_tensquare\repository_tensquare\net\minidev\accessors-smart\1.2\accessors-smart-1.2.jar;F:\1612B\repository_tensquare\repository_tensquare\org\ow2\asm\asm\5.0.4\asm-5.0.4.jar;F:\1612B\repository_tensquare\repository_tensquare\junit\junit\4.12\junit-4.12.jar;F:\1612B\repository_tensquare\repository_tensquare\org\assertj\assertj-core\3.9.1\assertj-core-3.9.1.jar;F:\1612B\repository_tensquare\repository_tensquare\org\mockito\mockito-core\2.15.0\mockito-core-2.15.0.jar;F:\1612B\repository_tensquare\repository_tensquare\net\bytebuddy\byte-buddy\1.7.11\byte-buddy-1.7.11.jar;F:\1612B\repository_tensquare\repository_tensquare\net\bytebuddy\byte-buddy-agent\1.7.11\byte-buddy-agent-1.7.11.jar;F:\1612B\repository_tensquare\repository_tensquare\org\objenesis\objenesis\2.6\objenesis-2.6.jar;F:\1612B\repository_tensquare\repository_tensquare\org\hamcrest\hamcrest-core\1.3\hamcrest-core-1.3.jar;F:\1612B\repository_tensquare\repository_tensquare\org\hamcrest\hamcrest-library\1.3\hamcrest-library-1.3.jar;F:\1612B\repository_tensquare\repository_tensquare\org\skyscreamer\jsonassert\1.5.0\jsonassert-1.5.0.jar;F:\1612B\repository_tensquare\repository_tensquare\com\vaadin\external\google\android-json\0.0.20131108.vaadin1\android-json-0.0.20131108.vaadin1.jar;F:\1612B\repository_tensquare\repository_tensquare\org\springframework\spring-core\5.0.7.RELEASE\spring-core-5.0.7.RELEASE.jar;F:\1612B\repository_tensquare\repository_tensquare\org\springframework\spring-jcl\5.0.7.RELEASE\spring-jcl-5.0.7.RELEASE.jar;F:\1612B\repository_tensquare\repository_tensquare\org\springframework\spring-test\5.0.7.RELEASE\spring-test-5.0.7.RELEASE.jar;F:\1612B\repository_tensquare\repository_tensquare\org\xmlunit\xmlunit-core\2.5.1\xmlunit-core-2.5.1.jar;F:\1612B\repository_tensquare\repository_tensquare\org\mybatis\spring\boot\mybatis-spring-boot-starter\1.3.1\mybatis-spring-boot-starter-1.3.1.jar;F:\1612B\repository_tensquare\repository_tensquare\org\mybatis\spring\boot\mybatis-spring-boot-autoconfigure\1.3.1\mybatis-spring-boot-autoconfigure-1.3.1.jar;F:\1612B\repository_tensquare\repository_tensquare\org\mybatis\mybatis\3.4.5\mybatis-3.4.5.jar;F:\1612B\repository_tensquare\repository_tensquare\org\mybatis\mybatis-spring\1.3.1\mybatis-spring-1.3.1.jar;F:\1612B\repository_tensquare\repository_tensquare\org\springframework\boot\spring-boot-starter-cache\2.0.3.RELEASE\spring-boot-starter-cache-2.0.3.RELEASE.jar;F:\1612B\repository_tensquare\repository_tensquare\org\springframework\spring-context\5.0.7.RELEASE\spring-context-5.0.7.RELEASE.jar;F:\1612B\repository_tensquare\repository_tensquare\org\springframework\spring-context-support\5.0.7.RELEASE\spring-context-support-5.0.7.RELEASE.jar;F:\1612B\repository_tensquare\repository_tensquare\org\springframework\boot\spring-boot-starter-data-redis\2.0.3.RELEASE\spring-boot-starter-data-redis-2.0.3.RELEASE.jar;F:\1612B\repository_tensquare\repository_tensquare\org\springframework\data\spring-data-redis\2.0.8.RELEASE\spring-data-redis-2.0.8.RELEASE.jar;F:\1612B\repository_tensquare\repository_tensquare\org\springframework\data\spring-data-keyvalue\2.0.8.RELEASE\spring-data-keyvalue-2.0.8.RELEASE.jar;F:\1612B\repository_tensquare\repository_tensquare\org\springframework\data\spring-data-commons\2.0.8.RELEASE\spring-data-commons-2.0.8.RELEASE.jar;F:\1612B\repository_tensquare\repository_tensquare\org\springframework\spring-oxm\5.0.7.RELEASE\spring-oxm-5.0.7.RELEASE.jar;F:\1612B\repository_tensquare\repository_tensquare\io\lettuce\lettuce-core\5.0.4.RELEASE\lettuce-core-5.0.4.RELEASE.jar;F:\1612B\repository_tensquare\repository_tensquare\io\projectreactor\reactor-core\3.1.8.RELEASE\reactor-core-3.1.8.RELEASE.jar;F:\1612B\repository_tensquare\repository_tensquare\org\reactivestreams\reactive-streams\1.0.2\reactive-streams-1.0.2.jar;F:\1612B\repository_tensquare\repository_tensquare\io\netty\netty-common\4.1.25.Final\netty-common-4.1.25.Final.jar;F:\1612B\repository_tensquare\repository_tensquare\io\netty\netty-transport\4.1.25.Final\netty-transport-4.1.25.Final.jar;F:\1612B\repository_tensquare\repository_tensquare\io\netty\netty-buffer\4.1.25.Final\netty-buffer-4.1.25.Final.jar;F:\1612B\repository_tensquare\repository_tensquare\io\netty\netty-resolver\4.1.25.Final\netty-resolver-4.1.25.Final.jar;F:\1612B\repository_tensquare\repository_tensquare\io\netty\netty-handler\4.1.25.Final\netty-handler-4.1.25.Final.jar;F:\1612B\repository_tensquare\repository_tensquare\io\netty\netty-codec\4.1.25.Final\netty-codec-4.1.25.Final.jar;F:\1612B\repository_tensquare\repository_tensquare\org\springframework\session\spring-session-data-redis\2.0.4.RELEASE\spring-session-data-redis-2.0.4.RELEASE.jar;F:\1612B\repository_tensquare\repository_tensquare\org\springframework\session\spring-session-core\2.0.4.RELEASE\spring-session-core-2.0.4.RELEASE.jar;F:\1612B\repository_tensquare\repository_tensquare\mysql\mysql-connector-java\8.0.11\mysql-connector-java-8.0.11.jar;F:\1612B\repository_tensquare\repository_tensquare\com\google\protobuf\protobuf-java\2.6.0\protobuf-java-2.6.0.jar;F:\1612B\repository_tensquare\repository_tensquare\org\springframework\boot\spring-boot-starter-security\2.0.3.RELEASE\spring-boot-starter-security-2.0.3.RELEASE.jar;F:\1612B\repository_tensquare\repository_tensquare\org\springframework\spring-aop\5.0.7.RELEASE\spring-aop-5.0.7.RELEASE.jar;F:\1612B\repository_tensquare\repository_tensquare\org\springframework\security\spring-security-config\5.0.6.RELEASE\spring-security-config-5.0.6.RELEASE.jar;F:\1612B\repository_tensquare\repository_tensquare\org\springframework\security\spring-security-core\5.0.6.RELEASE\spring-security-core-5.0.6.RELEASE.jar;F:\1612B\repository_tensquare\repository_tensquare\org\springframework\security\spring-security-web\5.0.6.RELEASE\spring-security-web-5.0.6.RELEASE.jar;F:\1612B\repository_tensquare\repository_tensquare\org\springframework\boot\spring-boot-starter-thymeleaf\2.0.3.RELEASE\spring-boot-starter-thymeleaf-2.0.3.RELEASE.jar;F:\1612B\repository_tensquare\repository_tensquare\org\thymeleaf\thymeleaf-spring5\3.0.9.RELEASE\thymeleaf-spring5-3.0.9.RELEASE.jar;F:\1612B\repository_tensquare\repository_tensquare\org\thymeleaf\thymeleaf\3.0.9.RELEASE\thymeleaf-3.0.9.RELEASE.jar;F:\1612B\repository_tensquare\repository_tensquare\org\attoparser\attoparser\2.0.4.RELEASE\attoparser-2.0.4.RELEASE.jar;F:\1612B\repository_tensquare\repository_tensquare\org\unbescape\unbescape\1.1.5.RELEASE\unbescape-1.1.5.RELEASE.jar;F:\1612B\repository_tensquare\repository_tensquare\org\thymeleaf\extras\thymeleaf-extras-java8time\3.0.1.RELEASE\thymeleaf-extras-java8time-3.0.1.RELEASE.jar;F:\1612B\repository_tensquare\repository_tensquare\com\github\axet\kaptcha\0.0.9\kaptcha-0.0.9.jar;F:\1612B\repository_tensquare\repository_tensquare\com\jhlabs\filters\2.0.235\filters-2.0.235.jar;F:\1612B\repository_tensquare\repository_tensquare\net\sourceforge\nekohtml\nekohtml\1.9.22\nekohtml-1.9.22.jar;F:\1612B\repository_tensquare\repository_tensquare\xerces\xercesImpl\2.11.0\xercesImpl-2.11.0.jar;F:\1612B\repository_tensquare\repository_tensquare\xml-apis\xml-apis\1.4.01\xml-apis-1.4.01.jar;F:\1612B\repository_tensquare\repository_tensquare\org\apache\tomcat\embed\tomcat-embed-jasper\8.5.31\tomcat-embed-jasper-8.5.31.jar;F:\1612B\repository_tensquare\repository_tensquare\org\apache\tomcat\embed\tomcat-embed-core\8.5.31\tomcat-embed-core-8.5.31.jar;F:\1612B\repository_tensquare\repository_tensquare\org\apache\tomcat\tomcat-annotations-api\8.5.31\tomcat-annotations-api-8.5.31.jar;F:\1612B\repository_tensquare\repository_tensquare\org\apache\tomcat\embed\tomcat-embed-el\8.5.31\tomcat-embed-el-8.5.31.jar;F:\1612B\repository_tensquare\repository_tensquare\org\eclipse\jdt\ecj\3.12.3\ecj-3.12.3.jar;F:\1612B\repository_tensquare\repository_tensquare\com\alibaba\druid-spring-boot-starter\1.1.9\druid-spring-boot-starter-1.1.9.jar;F:\1612B\repository_tensquare\repository_tensquare\com\alibaba\druid\1.1.9\druid-1.1.9.jar;F:\1612B\repository_tensquare\repository_tensquare\org\slf4j\slf4j-api\1.7.25\slf4j-api-1.7.25.jar;F:\1612B\repository_tensquare\repository_tensquare\javax\servlet\javax.servlet-api\3.1.0\javax.servlet-api-3.1.0.jar;F:\1612B\repository_tensquare\repository_tensquare\jstl\jstl\1.2\jstl-1.2.jar;F:\1612B\repository_tensquare\repository_tensquare\com\github\pagehelper\pagehelper-spring-boot-starter\1.2.4\pagehelper-spring-boot-starter-1.2.4.jar;F:\1612B\repository_tensquare\repository_tensquare\com\github\pagehelper\pagehelper-spring-boot-autoconfigure\1.2.4\pagehelper-spring-boot-autoconfigure-1.2.4.jar;F:\1612B\repository_tensquare\repository_tensquare\com\github\pagehelper\pagehelper\5.1.3\pagehelper-5.1.3.jar;F:\1612B\repository_tensquare\repository_tensquare\com\github\jsqlparser\jsqlparser\1.0\jsqlparser-1.0.jar;F:\1612B\repository_tensquare\repository_tensquare\org\apache\ant\ant\1.8.1\ant-1.8.1.jar;F:\1612B\repository_tensquare\repository_tensquare\org\apache\ant\ant-launcher\1.8.1\ant-launcher-1.8.1.jar;F:\1612B\repository_tensquare\repository_tensquare\cn\afterturn\easypoi-base\3.0.3\easypoi-base-3.0.3.jar;F:\1612B\repository_tensquare\repository_tensquare\org\apache\poi\poi\3.15\poi-3.15.jar;F:\1612B\repository_tensquare\repository_tensquare\commons-codec\commons-codec\1.11\commons-codec-1.11.jar;F:\1612B\repository_tensquare\repository_tensquare\org\apache\commons\commons-collections4\4.1\commons-collections4-4.1.jar;F:\1612B\repository_tensquare\repository_tensquare\org\apache\poi\poi-ooxml\3.15\poi-ooxml-3.15.jar;F:\1612B\repository_tensquare\repository_tensquare\com\github\virtuald\curvesapi\1.04\curvesapi-1.04.jar;F:\1612B\repository_tensquare\repository_tensquare\org\apache\poi\poi-ooxml-schemas\3.15\poi-ooxml-schemas-3.15.jar;F:\1612B\repository_tensquare\repository_tensquare\org\apache\xmlbeans\xmlbeans\2.6.0\xmlbeans-2.6.0.jar;F:\1612B\repository_tensquare\repository_tensquare\stax\stax-api\1.0.1\stax-api-1.0.1.jar;F:\1612B\repository_tensquare\repository_tensquare\com\google\guava\guava\16.0.1\guava-16.0.1.jar;F:\1612B\repository_tensquare\repository_tensquare\org\apache\commons\commons-lang3\3.7\commons-lang3-3.7.jar;F:\1612B\repository_tensquare\repository_tensquare\javax\validation\validation-api\2.0.1.Final\validation-api-2.0.1.Final.jar;F:\1612B\repository_tensquare\repository_tensquare\cn\afterturn\easypoi-web\3.0.3\easypoi-web-3.0.3.jar;F:\1612B\repository_tensquare\repository_tensquare\cn\afterturn\easypoi-annotation\3.0.3\easypoi-annotation-3.0.3.jar;F:\1612B\repository_tensquare\repository_tensquare\commons-fileupload\commons-fileupload\1.3.1\commons-fileupload-1.3.1.jar;F:\1612B\repository_tensquare\repository_tensquare\commons-io\commons-io\2.2\commons-io-2.2.jar;F:\1612B\repository_tensquare\repository_tensquare\org\projectlombok\lombok\1.16.22\lombok-1.16.22.jar;F:\1612B\repository_tensquare\repository_tensquare\com\alibaba\fastjson\1.2.40\fastjson-1.2.40.jar;F:\1612B\repository_tensquare\repository_tensquare\c3p0\c3p0\0.9.1.2\c3p0-0.9.1.2.jar;F:\1612B\repository_tensquare\repository_tensquare\javax\persistence\persistence-api\1.0\persistence-api-1.0.jar;, user.name=admin, java.vm.specification.version=1.8, sun.java.command=C:\Users\admin\AppData\Local\Temp\surefire6470454677810458920\surefirebooter7299712182464853556.jar C:\Users\admin\AppData\Local\Temp\surefire6470454677810458920 2019-09-14T19-11-26_926-jvmRun1 surefire5790574167886936123tmp surefire_07984931326738388097tmp, java.home=F:\jdk\jdk1.8\jre, sun.arch.data.model=64, user.language=zh, java.specification.vendor=Oracle Corporation, awt.toolkit=sun.awt.windows.WToolkit, java.vm.info=mixed mode, java.version=1.8.0_66, java.ext.dirs=F:\jdk\jdk1.8\jre\lib\ext;C:\WINDOWS\Sun\Java\lib\ext, sun.boot.class.path=F:\jdk\jdk1.8\jre\lib\resources.jar;F:\jdk\jdk1.8\jre\lib\rt.jar;F:\jdk\jdk1.8\jre\lib\sunrsasign.jar;F:\jdk\jdk1.8\jre\lib\jsse.jar;F:\jdk\jdk1.8\jre\lib\jce.jar;F:\jdk\jdk1.8\jre\lib\charsets.jar;F:\jdk\jdk1.8\jre\lib\jfr.jar;F:\jdk\jdk1.8\jre\classes, java.vendor=Oracle Corporation, localRepository=F:\1612B\repository_tensquare\repository_tensquare, file.separator=\, java.vendor.url.bug=http://bugreport.sun.com/bugreport/, sun.io.unicode.encoding=UnicodeLittle, sun.cpu.endian=little, sun.desktop=windows, sun.cpu.isalist=amd64}}, SystemEnvironmentPropertySource@1473611564 {name='systemEnvironment', properties={PATH=C:\Program Files (x86)\Intel\iCLS Client\;C:\Program Files\Intel\iCLS Client\;C:\ProgramData\Oracle\Java\javapath;C:\WINDOWS\system32;C:\WINDOWS;C:\WINDOWS\System32\Wbem;C:\WINDOWS\System32\WindowsPowerShell\v1.0\;C:\WINDOWS\System32\OpenSSH\;C:\Program Files (x86)\Intel\Intel(R) Management Engine Components\DAL;C:\Program Files\Intel\Intel(R) Management Engine Components\DAL;C:\Program Files (x86)\Intel\Intel(R) Management Engine Components\IPT;C:\Program Files\Intel\Intel(R) Management Engine Components\IPT;C:\Program Files (x86)\NVIDIA Corporation\PhysX\Common;C:\Program Files\Intel\WiFi\bin\;C:\Program Files\Common Files\Intel\WirelessCommon\;".;F:\jdk\jdk1.8\lib;F:\jdk\jdk1.8\lib\tools.jar";F:\1612A\node\;C:\Program Files\TortoiseGit\bin;C:\Program Files\Git\cmd;F:\SVN\location\bin;C:\Program Files\TortoiseSVN\bin;C:\Users\admin\AppData\Local\Microsoft\WindowsApps;F:\SQL\MySQL\bin;C:\Program Files\Intel\WiFi\bin\;C:\Program Files\Common Files\Intel\WirelessCommon\;C:\Users\admin\AppData\Roaming\npm, USERDOMAIN_ROAMINGPROFILE=ADMIN, LOCALAPPDATA=C:\Users\admin\AppData\Local, PROCESSOR_LEVEL=6, SYSTEMDRIVE=C:, COMMONPROGRAMFILES(X86)=C:\Program Files (x86)\Common Files, USERDOMAIN=ADMIN, LOGONSERVER=\\ADMIN, JAVA_HOME=F:\jdk\jdk1.8, PROMPT=$P$G, SESSIONNAME=Console, ALLUSERSPROFILE=C:\ProgramData, PROGRAMFILES(X86)=C:\Program Files (x86), ASL.LOG=Destination=file, PROCESSOR_ARCHITECTURE=AMD64, DRIVERDATA=C:\Windows\System32\Drivers\DriverData, PROGRAMFILES=C:\Program Files, APPDATA=C:\Users\admin\AppData\Roaming, PSMODULEPATH=C:\Program Files\WindowsPowerShell\Modules;C:\WINDOWS\system32\WindowsPowerShell\v1.0\Modules;F:\SVN\location\PowerShellModules, PROGRAMW6432=C:\Program Files, PROGRAMDATA=C:\ProgramData, SYSTEMROOT=C:\WINDOWS, USERNAME=admin, VISUALSVN_SERVER=F:\SVN\location\, ONEDRIVE=C:\Users\admin\OneDrive, PATHEXT=.COM;.EXE;.BAT;.CMD;.VBS;.VBE;.JS;.JSE;.WSF;.WSH;.MSC, OS=Windows_NT, COMMONPROGRAMW6432=C:\Program Files\Common Files, COMPUTERNAME=ADMIN, COMMONPROGRAMFILES=C:\Program Files\Common Files, COMSPEC=C:\WINDOWS\system32\cmd.exe, PROCESSOR_REVISION=9e09, WINDIR=C:\WINDOWS, =F:=F:\Yunjisuan0014(idea)\SpringBootCecurity, HOMEPATH=\Users\admin, TEMP=C:\Users\admin\AppData\Local\Temp, HOMEDRIVE=C:, PROCESSOR_IDENTIFIER=Intel64 Family 6 Model 158 Stepping 9, GenuineIntel, USERPROFILE=C:\Users\admin, TMP=C:\Users\admin\AppData\Local\Temp, PUBLIC=C:\Users\Public, NUMBER_OF_PROCESSORS=8, =::=::\}}]
19:11:29.502 [main] DEBUG org.springframework.core.io.support.PathMatchingResourcePatternResolver - Resolved classpath location [com/xueqing/demo/springbootsecurity/] to resources [URL [file:/F:/Yunjisuan0014(idea)/SpringBootCecurity/target/test-classes/com/xueqing/demo/springbootsecurity/], URL [file:/F:/Yunjisuan0014(idea)/SpringBootCecurity/target/classes/com/xueqing/demo/springbootsecurity/]]
19:11:29.503 [main] DEBUG org.springframework.core.io.support.PathMatchingResourcePatternResolver - Looking for matching resources in directory tree [F:\Yunjisuan0014(idea)\SpringBootCecurity\target\test-classes\com\xueqing\demo\springbootsecurity]
19:11:29.503 [main] DEBUG org.springframework.core.io.support.PathMatchingResourcePatternResolver - Searching directory [F:\Yunjisuan0014(idea)\SpringBootCecurity\target\test-classes\com\xueqing\demo\springbootsecurity] for files matching pattern [F:/Yunjisuan0014(idea)/SpringBootCecurity/target/test-classes/com/xueqing/demo/springbootsecurity/*.class]
19:11:29.507 [main] DEBUG org.springframework.core.io.support.PathMatchingResourcePatternResolver - Looking for matching resources in directory tree [F:\Yunjisuan0014(idea)\SpringBootCecurity\target\classes\com\xueqing\demo\springbootsecurity]
19:11:29.507 [main] DEBUG org.springframework.core.io.support.PathMatchingResourcePatternResolver - Searching directory [F:\Yunjisuan0014(idea)\SpringBootCecurity\target\classes\com\xueqing\demo\springbootsecurity] for files matching pattern [F:/Yunjisuan0014(idea)/SpringBootCecurity/target/classes/com/xueqing/demo/springbootsecurity/*.class]
19:11:29.509 [main] DEBUG org.springframework.core.io.support.PathMatchingResourcePatternResolver - Resolved location pattern [classpath*:com/xueqing/demo/springbootsecurity/*.class] to resources [file [F:\Yunjisuan0014(idea)\SpringBootCecurity\target\test-classes\com\xueqing\demo\springbootsecurity\SpringBootSecurityApplicationTests.class], file [F:\Yunjisuan0014(idea)\SpringBootCecurity\target\classes\com\xueqing\demo\springbootsecurity\SpringBootSecurityApplication.class]]
19:11:29.597 [main] DEBUG org.springframework.context.annotation.ClassPathScanningCandidateComponentProvider - Identified candidate component class: file [F:\Yunjisuan0014(idea)\SpringBootCecurity\target\classes\com\xueqing\demo\springbootsecurity\SpringBootSecurityApplication.class]
19:11:29.600 [main] INFO org.springframework.boot.test.context.SpringBootTestContextBootstrapper - Found @SpringBootConfiguration com.xueqing.demo.springbootsecurity.SpringBootSecurityApplication for test class com.xueqing.demo.springbootsecurity.SpringBootSecurityApplicationTests
19:11:29.718 [main] DEBUG org.springframework.boot.test.context.SpringBootTestContextBootstrapper - @TestExecutionListeners is not present for class [com.xueqing.demo.springbootsecurity.SpringBootSecurityApplicationTests]: using defaults.
19:11:29.719 [main] INFO org.springframework.boot.test.context.SpringBootTestContextBootstrapper - Loaded default TestExecutionListener class names from location [META-INF/spring.factories]: [org.springframework.boot.test.mock.mockito.MockitoTestExecutionListener, org.springframework.boot.test.mock.mockito.ResetMocksTestExecutionListener, org.springframework.boot.test.autoconfigure.restdocs.RestDocsTestExecutionListener, org.springframework.boot.test.autoconfigure.web.client.MockRestServiceServerResetTestExecutionListener, org.springframework.boot.test.autoconfigure.web.servlet.MockMvcPrintOnlyOnFailureTestExecutionListener, org.springframework.boot.test.autoconfigure.web.servlet.WebDriverTestExecutionListener, org.springframework.test.context.web.ServletTestExecutionListener, org.springframework.test.context.support.DirtiesContextBeforeModesTestExecutionListener, org.springframework.test.context.support.DependencyInjectionTestExecutionListener, org.springframework.test.context.support.DirtiesContextTestExecutionListener, org.springframework.test.context.transaction.TransactionalTestExecutionListener, org.springframework.test.context.jdbc.SqlScriptsTestExecutionListener]
19:11:29.967 [main] INFO org.springframework.boot.test.context.SpringBootTestContextBootstrapper - Using TestExecutionListeners: [org.springframework.test.context.web.ServletTestExecutionListener@25641d39, org.springframework.test.context.support.DirtiesContextBeforeModesTestExecutionListener@7b36aa0c, org.springframework.boot.test.mock.mockito.MockitoTestExecutionListener@5824a83d, org.springframework.boot.test.autoconfigure.SpringBootDependencyInjectionTestExecutionListener@537f60bf, org.springframework.test.context.support.DirtiesContextTestExecutionListener@5677323c, org.springframework.test.context.transaction.TransactionalTestExecutionListener@18df8434, org.springframework.test.context.jdbc.SqlScriptsTestExecutionListener@65c7a252, org.springframework.boot.test.mock.mockito.ResetMocksTestExecutionListener@4d154ccd, org.springframework.boot.test.autoconfigure.restdocs.RestDocsTestExecutionListener@229c6181, org.springframework.boot.test.autoconfigure.web.client.MockRestServiceServerResetTestExecutionListener@4686afc2, org.springframework.boot.test.autoconfigure.web.servlet.MockMvcPrintOnlyOnFailureTestExecutionListener@1e0b4072, org.springframework.boot.test.autoconfigure.web.servlet.WebDriverTestExecutionListener@791f145a]
19:11:29.969 [main] DEBUG org.springframework.test.annotation.ProfileValueUtils - Retrieved @ProfileValueSourceConfiguration [null] for test class [com.xueqing.demo.springbootsecurity.SpringBootSecurityApplicationTests]
19:11:29.969 [main] DEBUG org.springframework.test.annotation.ProfileValueUtils - Retrieved ProfileValueSource type [class org.springframework.test.annotation.SystemProfileValueSource] for class [com.xueqing.demo.springbootsecurity.SpringBootSecurityApplicationTests]
19:11:29.970 [main] DEBUG org.springframework.test.annotation.ProfileValueUtils - Retrieved @ProfileValueSourceConfiguration [null] for test class [com.xueqing.demo.springbootsecurity.SpringBootSecurityApplicationTests]
19:11:29.970 [main] DEBUG org.springframework.test.annotation.ProfileValueUtils - Retrieved ProfileValueSource type [class org.springframework.test.annotation.SystemProfileValueSource] for class [com.xueqing.demo.springbootsecurity.SpringBootSecurityApplicationTests]
19:11:29.972 [main] DEBUG org.springframework.test.annotation.ProfileValueUtils - Retrieved @ProfileValueSourceConfiguration [null] for test class [com.xueqing.demo.springbootsecurity.SpringBootSecurityApplicationTests]
19:11:29.972 [main] DEBUG org.springframework.test.annotation.ProfileValueUtils - Retrieved ProfileValueSource type [class org.springframework.test.annotation.SystemProfileValueSource] for class [com.xueqing.demo.springbootsecurity.SpringBootSecurityApplicationTests]
19:11:29.975 [main] DEBUG org.springframework.test.context.support.AbstractDirtiesContextTestExecutionListener - Before test class: context [DefaultTestContext@46cdf8bd testClass = SpringBootSecurityApplicationTests, testInstance = [null], testMethod = [null], testException = [null], mergedContextConfiguration = [WebMergedContextConfiguration@f0c8a99 testClass = SpringBootSecurityApplicationTests, locations = '{}', classes = '{class com.xueqing.demo.springbootsecurity.SpringBootSecurityApplication}', contextInitializerClasses = '[]', activeProfiles = '{}', propertySourceLocations = '{}', propertySourceProperties = '{org.springframework.boot.test.context.SpringBootTestContextBootstrapper=true}', contextCustomizers = set[org.springframework.boot.test.context.filter.ExcludeFilterContextCustomizer@1dd02175, org.springframework.boot.test.json.DuplicateJsonObjectContextCustomizerFactory$DuplicateJsonObjectContextCustomizer@3ffcd140, org.springframework.boot.test.mock.mockito.MockitoContextCustomizer@0, org.springframework.boot.test.web.client.TestRestTemplateContextCustomizer@38364841, org.springframework.boot.test.autoconfigure.properties.PropertyMappingContextCustomizer@0, org.springframework.boot.test.autoconfigure.web.servlet.WebDriverContextCustomizerFactory$Customizer@6a472554], resourceBasePath = 'src/main/webapp', contextLoader = 'org.springframework.boot.test.context.SpringBootContextLoader', parent = [null]], attributes = map['org.springframework.test.context.web.ServletTestExecutionListener.activateListener' -> true]], class annotated with @DirtiesContext [false] with mode [null].
19:11:29.975 [main] DEBUG org.springframework.test.annotation.ProfileValueUtils - Retrieved @ProfileValueSourceConfiguration [null] for test class [com.xueqing.demo.springbootsecurity.SpringBootSecurityApplicationTests]
19:11:29.976 [main] DEBUG org.springframework.test.annotation.ProfileValueUtils - Retrieved ProfileValueSource type [class org.springframework.test.annotation.SystemProfileValueSource] for class [com.xueqing.demo.springbootsecurity.SpringBootSecurityApplicationTests]
19:11:29.993 [main] DEBUG org.springframework.core.env.StandardEnvironment - Adding PropertySource 'systemProperties' with lowest search precedence
19:11:29.993 [main] DEBUG org.springframework.core.env.StandardEnvironment - Adding PropertySource 'systemEnvironment' with lowest search precedence
19:11:29.994 [main] DEBUG org.springframework.core.env.StandardEnvironment - Initialized StandardEnvironment with PropertySources [MapPropertySource@1182908789 {name='systemProperties', properties={idea.version=2018.3, java.runtime.name=Java(TM) SE Runtime Environment, sun.boot.library.path=F:\jdk\jdk1.8\jre\bin, java.vm.version=25.66-b18, java.vm.vendor=Oracle Corporation, java.vendor.url=http://java.oracle.com/, path.separator=;, java.vm.name=Java HotSpot(TM) 64-Bit Server VM, file.encoding.pkg=sun.io, user.country=CN, user.script=, sun.java.launcher=SUN_STANDARD, sun.os.patch.level=, java.vm.specification.name=Java Virtual Machine Specification, user.dir=F:\Yunjisuan0014(idea)\SpringBootCecurity, java.runtime.version=1.8.0_66-b18, basedir=F:\Yunjisuan0014(idea)\SpringBootCecurity, java.awt.graphicsenv=sun.awt.Win32GraphicsEnvironment, java.endorsed.dirs=F:\jdk\jdk1.8\jre\lib\endorsed, os.arch=amd64, surefire.real.class.path=C:\Users\admin\AppData\Local\Temp\surefire6470454677810458920\surefirebooter7299712182464853556.jar, java.io.tmpdir=C:\Users\admin\AppData\Local\Temp\, line.separator=
, java.vm.specification.vendor=Oracle Corporation, user.variant=, os.name=Windows 10, sun.jnu.encoding=GBK, java.library.path=F:\jdk\jdk1.8\jre\bin;C:\WINDOWS\Sun\Java\bin;C:\WINDOWS\system32;C:\WINDOWS;C:\Program Files (x86)\Intel\iCLS Client\;C:\Program Files\Intel\iCLS Client\;C:\ProgramData\Oracle\Java\javapath;C:\WINDOWS\system32;C:\WINDOWS;C:\WINDOWS\System32\Wbem;C:\WINDOWS\System32\WindowsPowerShell\v1.0\;C:\WINDOWS\System32\OpenSSH\;C:\Program Files (x86)\Intel\Intel(R) Management Engine Components\DAL;C:\Program Files\Intel\Intel(R) Management Engine Components\DAL;C:\Program Files (x86)\Intel\Intel(R) Management Engine Components\IPT;C:\Program Files\Intel\Intel(R) Management Engine Components\IPT;C:\Program Files (x86)\NVIDIA Corporation\PhysX\Common;C:\Program Files\Intel\WiFi\bin\;C:\Program Files\Common Files\Intel\WirelessCommon\;".;F:\jdk\jdk1.8\lib;F:\jdk\jdk1.8\lib\tools.jar";F:\1612A\node\;C:\Program Files\TortoiseGit\bin;C:\Program Files\Git\cmd;F:\SVN\location\bin;C:\Program Files\TortoiseSVN\bin;C:\Users\admin\AppData\Local\Microsoft\WindowsApps;F:\SQL\MySQL\bin;C:\Program Files\Intel\WiFi\bin\;C:\Program Files\Common Files\Intel\WirelessCommon\;C:\Users\admin\AppData\Roaming\npm;., surefire.test.class.path=F:\Yunjisuan0014(idea)\SpringBootCecurity\target\test-classes;F:\Yunjisuan0014(idea)\SpringBootCecurity\target\classes;F:\1612B\repository_tensquare\repository_tensquare\org\springframework\boot\spring-boot-starter-web\2.0.3.RELEASE\spring-boot-starter-web-2.0.3.RELEASE.jar;F:\1612B\repository_tensquare\repository_tensquare\org\springframework\boot\spring-boot-starter\2.0.3.RELEASE\spring-boot-starter-2.0.3.RELEASE.jar;F:\1612B\repository_tensquare\repository_tensquare\org\springframework\boot\spring-boot-starter-logging\2.0.3.RELEASE\spring-boot-starter-logging-2.0.3.RELEASE.jar;F:\1612B\repository_tensquare\repository_tensquare\ch\qos\logback\logback-classic\1.2.3\logback-classic-1.2.3.jar;F:\1612B\repository_tensquare\repository_tensquare\ch\qos\logback\logback-core\1.2.3\logback-core-1.2.3.jar;F:\1612B\repository_tensquare\repository_tensquare\org\apache\logging\log4j\log4j-to-slf4j\2.10.0\log4j-to-slf4j-2.10.0.jar;F:\1612B\repository_tensquare\repository_tensquare\org\apache\logging\log4j\log4j-api\2.10.0\log4j-api-2.10.0.jar;F:\1612B\repository_tensquare\repository_tensquare\org\slf4j\jul-to-slf4j\1.7.25\jul-to-slf4j-1.7.25.jar;F:\1612B\repository_tensquare\repository_tensquare\javax\annotation\javax.annotation-api\1.3.2\javax.annotation-api-1.3.2.jar;F:\1612B\repository_tensquare\repository_tensquare\org\yaml\snakeyaml\1.19\snakeyaml-1.19.jar;F:\1612B\repository_tensquare\repository_tensquare\org\springframework\boot\spring-boot-starter-json\2.0.3.RELEASE\spring-boot-starter-json-2.0.3.RELEASE.jar;F:\1612B\repository_tensquare\repository_tensquare\com\fasterxml\jackson\core\jackson-databind\2.9.6\jackson-databind-2.9.6.jar;F:\1612B\repository_tensquare\repository_tensquare\com\fasterxml\jackson\core\jackson-annotations\2.9.0\jackson-annotations-2.9.0.jar;F:\1612B\repository_tensquare\repository_tensquare\com\fasterxml\jackson\core\jackson-core\2.9.6\jackson-core-2.9.6.jar;F:\1612B\repository_tensquare\repository_tensquare\com\fasterxml\jackson\datatype\jackson-datatype-jdk8\2.9.6\jackson-datatype-jdk8-2.9.6.jar;F:\1612B\repository_tensquare\repository_tensquare\com\fasterxml\jackson\datatype\jackson-datatype-jsr310\2.9.6\jackson-datatype-jsr310-2.9.6.jar;F:\1612B\repository_tensquare\repository_tensquare\com\fasterxml\jackson\module\jackson-module-parameter-names\2.9.6\jackson-module-parameter-names-2.9.6.jar;F:\1612B\repository_tensquare\repository_tensquare\org\springframework\boot\spring-boot-starter-tomcat\2.0.3.RELEASE\spring-boot-starter-tomcat-2.0.3.RELEASE.jar;F:\1612B\repository_tensquare\repository_tensquare\org\apache\tomcat\embed\tomcat-embed-websocket\8.5.31\tomcat-embed-websocket-8.5.31.jar;F:\1612B\repository_tensquare\repository_tensquare\org\hibernate\validator\hibernate-validator\6.0.10.Final\hibernate-validator-6.0.10.Final.jar;F:\1612B\repository_tensquare\repository_tensquare\org\jboss\logging\jboss-logging\3.3.2.Final\jboss-logging-3.3.2.Final.jar;F:\1612B\repository_tensquare\repository_tensquare\com\fasterxml\classmate\1.3.4\classmate-1.3.4.jar;F:\1612B\repository_tensquare\repository_tensquare\org\springframework\spring-web\5.0.7.RELEASE\spring-web-5.0.7.RELEASE.jar;F:\1612B\repository_tensquare\repository_tensquare\org\springframework\spring-beans\5.0.7.RELEASE\spring-beans-5.0.7.RELEASE.jar;F:\1612B\repository_tensquare\repository_tensquare\org\springframework\spring-webmvc\5.0.7.RELEASE\spring-webmvc-5.0.7.RELEASE.jar;F:\1612B\repository_tensquare\repository_tensquare\org\springframework\spring-expression\5.0.7.RELEASE\spring-expression-5.0.7.RELEASE.jar;F:\1612B\repository_tensquare\repository_tensquare\org\springframework\boot\spring-boot-devtools\2.0.3.RELEASE\spring-boot-devtools-2.0.3.RELEASE.jar;F:\1612B\repository_tensquare\repository_tensquare\org\springframework\boot\spring-boot\2.0.3.RELEASE\spring-boot-2.0.3.RELEASE.jar;F:\1612B\repository_tensquare\repository_tensquare\org\springframework\boot\spring-boot-autoconfigure\2.0.3.RELEASE\spring-boot-autoconfigure-2.0.3.RELEASE.jar;F:\1612B\repository_tensquare\repository_tensquare\org\springframework\boot\spring-boot-starter-jdbc\2.0.3.RELEASE\spring-boot-starter-jdbc-2.0.3.RELEASE.jar;F:\1612B\repository_tensquare\repository_tensquare\com\zaxxer\HikariCP\2.7.9\HikariCP-2.7.9.jar;F:\1612B\repository_tensquare\repository_tensquare\org\springframework\spring-jdbc\5.0.7.RELEASE\spring-jdbc-5.0.7.RELEASE.jar;F:\1612B\repository_tensquare\repository_tensquare\org\springframework\spring-tx\5.0.7.RELEASE\spring-tx-5.0.7.RELEASE.jar;F:\1612B\repository_tensquare\repository_tensquare\org\springframework\boot\spring-boot-starter-test\2.0.3.RELEASE\spring-boot-starter-test-2.0.3.RELEASE.jar;F:\1612B\repository_tensquare\repository_tensquare\org\springframework\boot\spring-boot-test\2.0.3.RELEASE\spring-boot-test-2.0.3.RELEASE.jar;F:\1612B\repository_tensquare\repository_tensquare\org\springframework\boot\spring-boot-test-autoconfigure\2.0.3.RELEASE\spring-boot-test-autoconfigure-2.0.3.RELEASE.jar;F:\1612B\repository_tensquare\repository_tensquare\com\jayway\jsonpath\json-path\2.4.0\json-path-2.4.0.jar;F:\1612B\repository_tensquare\repository_tensquare\net\minidev\json-smart\2.3\json-smart-2.3.jar;F:\1612B\repository_tensquare\repository_tensquare\net\minidev\accessors-smart\1.2\accessors-smart-1.2.jar;F:\1612B\repository_tensquare\repository_tensquare\org\ow2\asm\asm\5.0.4\asm-5.0.4.jar;F:\1612B\repository_tensquare\repository_tensquare\junit\junit\4.12\junit-4.12.jar;F:\1612B\repository_tensquare\repository_tensquare\org\assertj\assertj-core\3.9.1\assertj-core-3.9.1.jar;F:\1612B\repository_tensquare\repository_tensquare\org\mockito\mockito-core\2.15.0\mockito-core-2.15.0.jar;F:\1612B\repository_tensquare\repository_tensquare\net\bytebuddy\byte-buddy\1.7.11\byte-buddy-1.7.11.jar;F:\1612B\repository_tensquare\repository_tensquare\net\bytebuddy\byte-buddy-agent\1.7.11\byte-buddy-agent-1.7.11.jar;F:\1612B\repository_tensquare\repository_tensquare\org\objenesis\objenesis\2.6\objenesis-2.6.jar;F:\1612B\repository_tensquare\repository_tensquare\org\hamcrest\hamcrest-core\1.3\hamcrest-core-1.3.jar;F:\1612B\repository_tensquare\repository_tensquare\org\hamcrest\hamcrest-library\1.3\hamcrest-library-1.3.jar;F:\1612B\repository_tensquare\repository_tensquare\org\skyscreamer\jsonassert\1.5.0\jsonassert-1.5.0.jar;F:\1612B\repository_tensquare\repository_tensquare\com\vaadin\external\google\android-json\0.0.20131108.vaadin1\android-json-0.0.20131108.vaadin1.jar;F:\1612B\repository_tensquare\repository_tensquare\org\springframework\spring-core\5.0.7.RELEASE\spring-core-5.0.7.RELEASE.jar;F:\1612B\repository_tensquare\repository_tensquare\org\springframework\spring-jcl\5.0.7.RELEASE\spring-jcl-5.0.7.RELEASE.jar;F:\1612B\repository_tensquare\repository_tensquare\org\springframework\spring-test\5.0.7.RELEASE\spring-test-5.0.7.RELEASE.jar;F:\1612B\repository_tensquare\repository_tensquare\org\xmlunit\xmlunit-core\2.5.1\xmlunit-core-2.5.1.jar;F:\1612B\repository_tensquare\repository_tensquare\org\mybatis\spring\boot\mybatis-spring-boot-starter\1.3.1\mybatis-spring-boot-starter-1.3.1.jar;F:\1612B\repository_tensquare\repository_tensquare\org\mybatis\spring\boot\mybatis-spring-boot-autoconfigure\1.3.1\mybatis-spring-boot-autoconfigure-1.3.1.jar;F:\1612B\repository_tensquare\repository_tensquare\org\mybatis\mybatis\3.4.5\mybatis-3.4.5.jar;F:\1612B\repository_tensquare\repository_tensquare\org\mybatis\mybatis-spring\1.3.1\mybatis-spring-1.3.1.jar;F:\1612B\repository_tensquare\repository_tensquare\org\springframework\boot\spring-boot-starter-cache\2.0.3.RELEASE\spring-boot-starter-cache-2.0.3.RELEASE.jar;F:\1612B\repository_tensquare\repository_tensquare\org\springframework\spring-context\5.0.7.RELEASE\spring-context-5.0.7.RELEASE.jar;F:\1612B\repository_tensquare\repository_tensquare\org\springframework\spring-context-support\5.0.7.RELEASE\spring-context-support-5.0.7.RELEASE.jar;F:\1612B\repository_tensquare\repository_tensquare\org\springframework\boot\spring-boot-starter-data-redis\2.0.3.RELEASE\spring-boot-starter-data-redis-2.0.3.RELEASE.jar;F:\1612B\repository_tensquare\repository_tensquare\org\springframework\data\spring-data-redis\2.0.8.RELEASE\spring-data-redis-2.0.8.RELEASE.jar;F:\1612B\repository_tensquare\repository_tensquare\org\springframework\data\spring-data-keyvalue\2.0.8.RELEASE\spring-data-keyvalue-2.0.8.RELEASE.jar;F:\1612B\repository_tensquare\repository_tensquare\org\springframework\data\spring-data-commons\2.0.8.RELEASE\spring-data-commons-2.0.8.RELEASE.jar;F:\1612B\repository_tensquare\repository_tensquare\org\springframework\spring-oxm\5.0.7.RELEASE\spring-oxm-5.0.7.RELEASE.jar;F:\1612B\repository_tensquare\repository_tensquare\io\lettuce\lettuce-core\5.0.4.RELEASE\lettuce-core-5.0.4.RELEASE.jar;F:\1612B\repository_tensquare\repository_tensquare\io\projectreactor\reactor-core\3.1.8.RELEASE\reactor-core-3.1.8.RELEASE.jar;F:\1612B\repository_tensquare\repository_tensquare\org\reactivestreams\reactive-streams\1.0.2\reactive-streams-1.0.2.jar;F:\1612B\repository_tensquare\repository_tensquare\io\netty\netty-common\4.1.25.Final\netty-common-4.1.25.Final.jar;F:\1612B\repository_tensquare\repository_tensquare\io\netty\netty-transport\4.1.25.Final\netty-transport-4.1.25.Final.jar;F:\1612B\repository_tensquare\repository_tensquare\io\netty\netty-buffer\4.1.25.Final\netty-buffer-4.1.25.Final.jar;F:\1612B\repository_tensquare\repository_tensquare\io\netty\netty-resolver\4.1.25.Final\netty-resolver-4.1.25.Final.jar;F:\1612B\repository_tensquare\repository_tensquare\io\netty\netty-handler\4.1.25.Final\netty-handler-4.1.25.Final.jar;F:\1612B\repository_tensquare\repository_tensquare\io\netty\netty-codec\4.1.25.Final\netty-codec-4.1.25.Final.jar;F:\1612B\repository_tensquare\repository_tensquare\org\springframework\session\spring-session-data-redis\2.0.4.RELEASE\spring-session-data-redis-2.0.4.RELEASE.jar;F:\1612B\repository_tensquare\repository_tensquare\org\springframework\session\spring-session-core\2.0.4.RELEASE\spring-session-core-2.0.4.RELEASE.jar;F:\1612B\repository_tensquare\repository_tensquare\mysql\mysql-connector-java\8.0.11\mysql-connector-java-8.0.11.jar;F:\1612B\repository_tensquare\repository_tensquare\com\google\protobuf\protobuf-java\2.6.0\protobuf-java-2.6.0.jar;F:\1612B\repository_tensquare\repository_tensquare\org\springframework\boot\spring-boot-starter-security\2.0.3.RELEASE\spring-boot-starter-security-2.0.3.RELEASE.jar;F:\1612B\repository_tensquare\repository_tensquare\org\springframework\spring-aop\5.0.7.RELEASE\spring-aop-5.0.7.RELEASE.jar;F:\1612B\repository_tensquare\repository_tensquare\org\springframework\security\spring-security-config\5.0.6.RELEASE\spring-security-config-5.0.6.RELEASE.jar;F:\1612B\repository_tensquare\repository_tensquare\org\springframework\security\spring-security-core\5.0.6.RELEASE\spring-security-core-5.0.6.RELEASE.jar;F:\1612B\repository_tensquare\repository_tensquare\org\springframework\security\spring-security-web\5.0.6.RELEASE\spring-security-web-5.0.6.RELEASE.jar;F:\1612B\repository_tensquare\repository_tensquare\org\springframework\boot\spring-boot-starter-thymeleaf\2.0.3.RELEASE\spring-boot-starter-thymeleaf-2.0.3.RELEASE.jar;F:\1612B\repository_tensquare\repository_tensquare\org\thymeleaf\thymeleaf-spring5\3.0.9.RELEASE\thymeleaf-spring5-3.0.9.RELEASE.jar;F:\1612B\repository_tensquare\repository_tensquare\org\thymeleaf\thymeleaf\3.0.9.RELEASE\thymeleaf-3.0.9.RELEASE.jar;F:\1612B\repository_tensquare\repository_tensquare\org\attoparser\attoparser\2.0.4.RELEASE\attoparser-2.0.4.RELEASE.jar;F:\1612B\repository_tensquare\repository_tensquare\org\unbescape\unbescape\1.1.5.RELEASE\unbescape-1.1.5.RELEASE.jar;F:\1612B\repository_tensquare\repository_tensquare\org\thymeleaf\extras\thymeleaf-extras-java8time\3.0.1.RELEASE\thymeleaf-extras-java8time-3.0.1.RELEASE.jar;F:\1612B\repository_tensquare\repository_tensquare\com\github\axet\kaptcha\0.0.9\kaptcha-0.0.9.jar;F:\1612B\repository_tensquare\repository_tensquare\com\jhlabs\filters\2.0.235\filters-2.0.235.jar;F:\1612B\repository_tensquare\repository_tensquare\net\sourceforge\nekohtml\nekohtml\1.9.22\nekohtml-1.9.22.jar;F:\1612B\repository_tensquare\repository_tensquare\xerces\xercesImpl\2.11.0\xercesImpl-2.11.0.jar;F:\1612B\repository_tensquare\repository_tensquare\xml-apis\xml-apis\1.4.01\xml-apis-1.4.01.jar;F:\1612B\repository_tensquare\repository_tensquare\org\apache\tomcat\embed\tomcat-embed-jasper\8.5.31\tomcat-embed-jasper-8.5.31.jar;F:\1612B\repository_tensquare\repository_tensquare\org\apache\tomcat\embed\tomcat-embed-core\8.5.31\tomcat-embed-core-8.5.31.jar;F:\1612B\repository_tensquare\repository_tensquare\org\apache\tomcat\tomcat-annotations-api\8.5.31\tomcat-annotations-api-8.5.31.jar;F:\1612B\repository_tensquare\repository_tensquare\org\apache\tomcat\embed\tomcat-embed-el\8.5.31\tomcat-embed-el-8.5.31.jar;F:\1612B\repository_tensquare\repository_tensquare\org\eclipse\jdt\ecj\3.12.3\ecj-3.12.3.jar;F:\1612B\repository_tensquare\repository_tensquare\com\alibaba\druid-spring-boot-starter\1.1.9\druid-spring-boot-starter-1.1.9.jar;F:\1612B\repository_tensquare\repository_tensquare\com\alibaba\druid\1.1.9\druid-1.1.9.jar;F:\1612B\repository_tensquare\repository_tensquare\org\slf4j\slf4j-api\1.7.25\slf4j-api-1.7.25.jar;F:\1612B\repository_tensquare\repository_tensquare\javax\servlet\javax.servlet-api\3.1.0\javax.servlet-api-3.1.0.jar;F:\1612B\repository_tensquare\repository_tensquare\jstl\jstl\1.2\jstl-1.2.jar;F:\1612B\repository_tensquare\repository_tensquare\com\github\pagehelper\pagehelper-spring-boot-starter\1.2.4\pagehelper-spring-boot-starter-1.2.4.jar;F:\1612B\repository_tensquare\repository_tensquare\com\github\pagehelper\pagehelper-spring-boot-autoconfigure\1.2.4\pagehelper-spring-boot-autoconfigure-1.2.4.jar;F:\1612B\repository_tensquare\repository_tensquare\com\github\pagehelper\pagehelper\5.1.3\pagehelper-5.1.3.jar;F:\1612B\repository_tensquare\repository_tensquare\com\github\jsqlparser\jsqlparser\1.0\jsqlparser-1.0.jar;F:\1612B\repository_tensquare\repository_tensquare\org\apache\ant\ant\1.8.1\ant-1.8.1.jar;F:\1612B\repository_tensquare\repository_tensquare\org\apache\ant\ant-launcher\1.8.1\ant-launcher-1.8.1.jar;F:\1612B\repository_tensquare\repository_tensquare\cn\afterturn\easypoi-base\3.0.3\easypoi-base-3.0.3.jar;F:\1612B\repository_tensquare\repository_tensquare\org\apache\poi\poi\3.15\poi-3.15.jar;F:\1612B\repository_tensquare\repository_tensquare\commons-codec\commons-codec\1.11\commons-codec-1.11.jar;F:\1612B\repository_tensquare\repository_tensquare\org\apache\commons\commons-collections4\4.1\commons-collections4-4.1.jar;F:\1612B\repository_tensquare\repository_tensquare\org\apache\poi\poi-ooxml\3.15\poi-ooxml-3.15.jar;F:\1612B\repository_tensquare\repository_tensquare\com\github\virtuald\curvesapi\1.04\curvesapi-1.04.jar;F:\1612B\repository_tensquare\repository_tensquare\org\apache\poi\poi-ooxml-schemas\3.15\poi-ooxml-schemas-3.15.jar;F:\1612B\repository_tensquare\repository_tensquare\org\apache\xmlbeans\xmlbeans\2.6.0\xmlbeans-2.6.0.jar;F:\1612B\repository_tensquare\repository_tensquare\stax\stax-api\1.0.1\stax-api-1.0.1.jar;F:\1612B\repository_tensquare\repository_tensquare\com\google\guava\guava\16.0.1\guava-16.0.1.jar;F:\1612B\repository_tensquare\repository_tensquare\org\apache\commons\commons-lang3\3.7\commons-lang3-3.7.jar;F:\1612B\repository_tensquare\repository_tensquare\javax\validation\validation-api\2.0.1.Final\validation-api-2.0.1.Final.jar;F:\1612B\repository_tensquare\repository_tensquare\cn\afterturn\easypoi-web\3.0.3\easypoi-web-3.0.3.jar;F:\1612B\repository_tensquare\repository_tensquare\cn\afterturn\easypoi-annotation\3.0.3\easypoi-annotation-3.0.3.jar;F:\1612B\repository_tensquare\repository_tensquare\commons-fileupload\commons-fileupload\1.3.1\commons-fileupload-1.3.1.jar;F:\1612B\repository_tensquare\repository_tensquare\commons-io\commons-io\2.2\commons-io-2.2.jar;F:\1612B\repository_tensquare\repository_tensquare\org\projectlombok\lombok\1.16.22\lombok-1.16.22.jar;F:\1612B\repository_tensquare\repository_tensquare\com\alibaba\fastjson\1.2.40\fastjson-1.2.40.jar;F:\1612B\repository_tensquare\repository_tensquare\c3p0\c3p0\0.9.1.2\c3p0-0.9.1.2.jar;F:\1612B\repository_tensquare\repository_tensquare\javax\persistence\persistence-api\1.0\persistence-api-1.0.jar;, java.specification.name=Java Platform API Specification, java.class.version=52.0, sun.management.compiler=HotSpot 64-Bit Tiered Compilers, maven.repo.local=F:\1612B\repository_tensquare\repository_tensquare, os.version=10.0, user.home=C:\Users\admin, user.timezone=Asia/Shanghai, java.awt.printerjob=sun.awt.windows.WPrinterJob, file.encoding=UTF-8, java.specification.version=1.8, java.class.path=F:\Yunjisuan0014(idea)\SpringBootCecurity\target\test-classes;F:\Yunjisuan0014(idea)\SpringBootCecurity\target\classes;F:\1612B\repository_tensquare\repository_tensquare\org\springframework\boot\spring-boot-starter-web\2.0.3.RELEASE\spring-boot-starter-web-2.0.3.RELEASE.jar;F:\1612B\repository_tensquare\repository_tensquare\org\springframework\boot\spring-boot-starter\2.0.3.RELEASE\spring-boot-starter-2.0.3.RELEASE.jar;F:\1612B\repository_tensquare\repository_tensquare\org\springframework\boot\spring-boot-starter-logging\2.0.3.RELEASE\spring-boot-starter-logging-2.0.3.RELEASE.jar;F:\1612B\repository_tensquare\repository_tensquare\ch\qos\logback\logback-classic\1.2.3\logback-classic-1.2.3.jar;F:\1612B\repository_tensquare\repository_tensquare\ch\qos\logback\logback-core\1.2.3\logback-core-1.2.3.jar;F:\1612B\repository_tensquare\repository_tensquare\org\apache\logging\log4j\log4j-to-slf4j\2.10.0\log4j-to-slf4j-2.10.0.jar;F:\1612B\repository_tensquare\repository_tensquare\org\apache\logging\log4j\log4j-api\2.10.0\log4j-api-2.10.0.jar;F:\1612B\repository_tensquare\repository_tensquare\org\slf4j\jul-to-slf4j\1.7.25\jul-to-slf4j-1.7.25.jar;F:\1612B\repository_tensquare\repository_tensquare\javax\annotation\javax.annotation-api\1.3.2\javax.annotation-api-1.3.2.jar;F:\1612B\repository_tensquare\repository_tensquare\org\yaml\snakeyaml\1.19\snakeyaml-1.19.jar;F:\1612B\repository_tensquare\repository_tensquare\org\springframework\boot\spring-boot-starter-json\2.0.3.RELEASE\spring-boot-starter-json-2.0.3.RELEASE.jar;F:\1612B\repository_tensquare\repository_tensquare\com\fasterxml\jackson\core\jackson-databind\2.9.6\jackson-databind-2.9.6.jar;F:\1612B\repository_tensquare\repository_tensquare\com\fasterxml\jackson\core\jackson-annotations\2.9.0\jackson-annotations-2.9.0.jar;F:\1612B\repository_tensquare\repository_tensquare\com\fasterxml\jackson\core\jackson-core\2.9.6\jackson-core-2.9.6.jar;F:\1612B\repository_tensquare\repository_tensquare\com\fasterxml\jackson\datatype\jackson-datatype-jdk8\2.9.6\jackson-datatype-jdk8-2.9.6.jar;F:\1612B\repository_tensquare\repository_tensquare\com\fasterxml\jackson\datatype\jackson-datatype-jsr310\2.9.6\jackson-datatype-jsr310-2.9.6.jar;F:\1612B\repository_tensquare\repository_tensquare\com\fasterxml\jackson\module\jackson-module-parameter-names\2.9.6\jackson-module-parameter-names-2.9.6.jar;F:\1612B\repository_tensquare\repository_tensquare\org\springframework\boot\spring-boot-starter-tomcat\2.0.3.RELEASE\spring-boot-starter-tomcat-2.0.3.RELEASE.jar;F:\1612B\repository_tensquare\repository_tensquare\org\apache\tomcat\embed\tomcat-embed-websocket\8.5.31\tomcat-embed-websocket-8.5.31.jar;F:\1612B\repository_tensquare\repository_tensquare\org\hibernate\validator\hibernate-validator\6.0.10.Final\hibernate-validator-6.0.10.Final.jar;F:\1612B\repository_tensquare\repository_tensquare\org\jboss\logging\jboss-logging\3.3.2.Final\jboss-logging-3.3.2.Final.jar;F:\1612B\repository_tensquare\repository_tensquare\com\fasterxml\classmate\1.3.4\classmate-1.3.4.jar;F:\1612B\repository_tensquare\repository_tensquare\org\springframework\spring-web\5.0.7.RELEASE\spring-web-5.0.7.RELEASE.jar;F:\1612B\repository_tensquare\repository_tensquare\org\springframework\spring-beans\5.0.7.RELEASE\spring-beans-5.0.7.RELEASE.jar;F:\1612B\repository_tensquare\repository_tensquare\org\springframework\spring-webmvc\5.0.7.RELEASE\spring-webmvc-5.0.7.RELEASE.jar;F:\1612B\repository_tensquare\repository_tensquare\org\springframework\spring-expression\5.0.7.RELEASE\spring-expression-5.0.7.RELEASE.jar;F:\1612B\repository_tensquare\repository_tensquare\org\springframework\boot\spring-boot-devtools\2.0.3.RELEASE\spring-boot-devtools-2.0.3.RELEASE.jar;F:\1612B\repository_tensquare\repository_tensquare\org\springframework\boot\spring-boot\2.0.3.RELEASE\spring-boot-2.0.3.RELEASE.jar;F:\1612B\repository_tensquare\repository_tensquare\org\springframework\boot\spring-boot-autoconfigure\2.0.3.RELEASE\spring-boot-autoconfigure-2.0.3.RELEASE.jar;F:\1612B\repository_tensquare\repository_tensquare\org\springframework\boot\spring-boot-starter-jdbc\2.0.3.RELEASE\spring-boot-starter-jdbc-2.0.3.RELEASE.jar;F:\1612B\repository_tensquare\repository_tensquare\com\zaxxer\HikariCP\2.7.9\HikariCP-2.7.9.jar;F:\1612B\repository_tensquare\repository_tensquare\org\springframework\spring-jdbc\5.0.7.RELEASE\spring-jdbc-5.0.7.RELEASE.jar;F:\1612B\repository_tensquare\repository_tensquare\org\springframework\spring-tx\5.0.7.RELEASE\spring-tx-5.0.7.RELEASE.jar;F:\1612B\repository_tensquare\repository_tensquare\org\springframework\boot\spring-boot-starter-test\2.0.3.RELEASE\spring-boot-starter-test-2.0.3.RELEASE.jar;F:\1612B\repository_tensquare\repository_tensquare\org\springframework\boot\spring-boot-test\2.0.3.RELEASE\spring-boot-test-2.0.3.RELEASE.jar;F:\1612B\repository_tensquare\repository_tensquare\org\springframework\boot\spring-boot-test-autoconfigure\2.0.3.RELEASE\spring-boot-test-autoconfigure-2.0.3.RELEASE.jar;F:\1612B\repository_tensquare\repository_tensquare\com\jayway\jsonpath\json-path\2.4.0\json-path-2.4.0.jar;F:\1612B\repository_tensquare\repository_tensquare\net\minidev\json-smart\2.3\json-smart-2.3.jar;F:\1612B\repository_tensquare\repository_tensquare\net\minidev\accessors-smart\1.2\accessors-smart-1.2.jar;F:\1612B\repository_tensquare\repository_tensquare\org\ow2\asm\asm\5.0.4\asm-5.0.4.jar;F:\1612B\repository_tensquare\repository_tensquare\junit\junit\4.12\junit-4.12.jar;F:\1612B\repository_tensquare\repository_tensquare\org\assertj\assertj-core\3.9.1\assertj-core-3.9.1.jar;F:\1612B\repository_tensquare\repository_tensquare\org\mockito\mockito-core\2.15.0\mockito-core-2.15.0.jar;F:\1612B\repository_tensquare\repository_tensquare\net\bytebuddy\byte-buddy\1.7.11\byte-buddy-1.7.11.jar;F:\1612B\repository_tensquare\repository_tensquare\net\bytebuddy\byte-buddy-agent\1.7.11\byte-buddy-agent-1.7.11.jar;F:\1612B\repository_tensquare\repository_tensquare\org\objenesis\objenesis\2.6\objenesis-2.6.jar;F:\1612B\repository_tensquare\repository_tensquare\org\hamcrest\hamcrest-core\1.3\hamcrest-core-1.3.jar;F:\1612B\repository_tensquare\repository_tensquare\org\hamcrest\hamcrest-library\1.3\hamcrest-library-1.3.jar;F:\1612B\repository_tensquare\repository_tensquare\org\skyscreamer\jsonassert\1.5.0\jsonassert-1.5.0.jar;F:\1612B\repository_tensquare\repository_tensquare\com\vaadin\external\google\android-json\0.0.20131108.vaadin1\android-json-0.0.20131108.vaadin1.jar;F:\1612B\repository_tensquare\repository_tensquare\org\springframework\spring-core\5.0.7.RELEASE\spring-core-5.0.7.RELEASE.jar;F:\1612B\repository_tensquare\repository_tensquare\org\springframework\spring-jcl\5.0.7.RELEASE\spring-jcl-5.0.7.RELEASE.jar;F:\1612B\repository_tensquare\repository_tensquare\org\springframework\spring-test\5.0.7.RELEASE\spring-test-5.0.7.RELEASE.jar;F:\1612B\repository_tensquare\repository_tensquare\org\xmlunit\xmlunit-core\2.5.1\xmlunit-core-2.5.1.jar;F:\1612B\repository_tensquare\repository_tensquare\org\mybatis\spring\boot\mybatis-spring-boot-starter\1.3.1\mybatis-spring-boot-starter-1.3.1.jar;F:\1612B\repository_tensquare\repository_tensquare\org\mybatis\spring\boot\mybatis-spring-boot-autoconfigure\1.3.1\mybatis-spring-boot-autoconfigure-1.3.1.jar;F:\1612B\repository_tensquare\repository_tensquare\org\mybatis\mybatis\3.4.5\mybatis-3.4.5.jar;F:\1612B\repository_tensquare\repository_tensquare\org\mybatis\mybatis-spring\1.3.1\mybatis-spring-1.3.1.jar;F:\1612B\repository_tensquare\repository_tensquare\org\springframework\boot\spring-boot-starter-cache\2.0.3.RELEASE\spring-boot-starter-cache-2.0.3.RELEASE.jar;F:\1612B\repository_tensquare\repository_tensquare\org\springframework\spring-context\5.0.7.RELEASE\spring-con
[...]

Error starting ApplicationContext. To display the conditions report re-run your application with 'debug' enabled.
2019-09-14 19:11:33.930 ERROR 17392 --- [           main] o.s.boot.SpringApplication               : Application run failed

org.springframework.beans.factory.BeanCreationException: Error creating bean with name 'requestMappingHandlerMapping' defined in class path resource [com/xueqing/demo/springbootsecurity/config/InterceptorConfig.class]: Invocation of init method failed; nested exception is java.lang.IllegalStateException: Ambiguous mapping. Cannot map 'formController' method 
public java.lang.String com.xueqing.demo.springbootsecurity.controller.FormController.toupdate()
to {[/update]}: There is already 'formController' bean method
public java.lang.String com.xueqing.demo.springbootsecurity.controller.FormController.update(com.xueqing.demo.springbootsecurity.bean.Book) mapped.
	at org.springframework.beans.factory.support.AbstractAutowireCapableBeanFactory.initializeBean(AbstractAutowireCapableBeanFactory.java:1708) ~[spring-beans-5.0.7.RELEASE.jar:5.0.7.RELEASE]
	at org.springframework.beans.factory.support.AbstractAutowireCapableBeanFactory.doCreateBean(AbstractAutowireCapableBeanFactory.java:581) ~[spring-beans-5.0.7.RELEASE.jar:5.0.7.RELEASE]
	at org.springframework.beans.factory.support.AbstractAutowireCapableBeanFactory.createBean(AbstractAutowireCapableBeanFactory.java:503) ~[spring-beans-5.0.7.RELEASE.jar:5.0.7.RELEASE]
	at org.springframework.beans.factory.support.AbstractBeanFactory.lambda$doGetBean$0(AbstractBeanFactory.java:317) ~[spring-beans-5.0.7.RELEASE.jar:5.0.7.RELEASE]
	at org.springframework.beans.factory.support.DefaultSingletonBeanRegistry.getSingleton(DefaultSingletonBeanRegistry.java:222) ~[spring-beans-5.0.7.RELEASE.jar:5.0.7.RELEASE]
	at org.springframework.beans.factory.support.AbstractBeanFactory.doGetBean(AbstractBeanFactory.java:315) ~[spring-beans-5.0.7.RELEASE.jar:5.0.7.RELEASE]
	at org.springframework.beans.factory.support.AbstractBeanFactory.getBean(AbstractBeanFactory.java:199) ~[spring-beans-5.0.7.RELEASE.jar:5.0.7.RELEASE]
	at org.springframework.beans.factory.support.DefaultListableBeanFactory.preInstantiateSingletons(DefaultListableBeanFactory.java:760) ~[spring-beans-5.0.7.RELEASE.jar:5.0.7.RELEASE]
	at org.springframework.context.support.AbstractApplicationContext.finishBeanFactoryInitialization(AbstractApplicationContext.java:869) ~[spring-context-5.0.7.RELEASE.jar:5.0.7.RELEASE]
	at org.springframework.context.support.AbstractApplicationContext.refresh(AbstractApplicationContext.java:550) ~[spring-context-5.0.7.RELEASE.jar:5.0.7.RELEASE]
	at org.springframework.boot.SpringApplication.refresh(SpringApplication.java:759) ~[spring-boot-2.0.3.RELEASE.jar:2.0.3.RELEASE]
	at org.springframework.boot.SpringApplication.refreshContext(SpringApplication.java:395) ~[spring-boot-2.0.3.RELEASE.jar:2.0.3.RELEASE]
	at org.springframework.boot.SpringApplication.run(SpringApplication.java:327) ~[spring-boot-2.0.3.RELEASE.jar:2.0.3.RELEASE]
	at org.springframework.boot.test.context.SpringBootContextLoader.loadContext(SpringBootContextLoader.java:139) [spring-boot-test-2.0.3.RELEASE.jar:2.0.3.RELEASE]
	at org.springframework.test.context.cache.DefaultCacheAwareContextLoaderDelegate.loadContextInternal(DefaultCacheAwareContextLoaderDelegate.java:99) [spring-test-5.0.7.RELEASE.jar:5.0.7.RELEASE]
	at org.springframework.test.context.cache.DefaultCacheAwareContextLoaderDelegate.loadContext(DefaultCacheAwareContextLoaderDelegate.java:117) [spring-test-5.0.7.RELEASE.jar:5.0.7.RELEASE]
	at org.springframework.test.context.support.DefaultTestContext.getApplicationContext(DefaultTestContext.java:108) [spring-test-5.0.7.RELEASE.jar:5.0.7.RELEASE]
	at org.springframework.test.context.web.ServletTestExecutionListener.setUpRequestContextIfNecessary(ServletTestExecutionListener.java:190) [spring-test-5.0.7.RELEASE.jar:5.0.7.RELEASE]
	at org.springframework.test.context.web.ServletTestExecutionListener.prepareTestInstance(ServletTestExecutionListener.java:132) [spring-test-5.0.7.RELEASE.jar:5.0.7.RELEASE]
	at org.springframework.test.context.TestContextManager.prepareTestInstance(TestContextManager.java:246) [spring-test-5.0.7.RELEASE.jar:5.0.7.RELEASE]
	at org.springframework.test.context.junit4.SpringJUnit4ClassRunner.createTest(SpringJUnit4ClassRunner.java:227) [spring-test-5.0.7.RELEASE.jar:5.0.7.RELEASE]
	at org.springframework.test.context.junit4.SpringJUnit4ClassRunner$1.runReflectiveCall(SpringJUnit4ClassRunner.java:289) [spring-test-5.0.7.RELEASE.jar:5.0.7.RELEASE]
	at org.junit.internal.runners.model.ReflectiveCallable.run(ReflectiveCallable.java:12) [junit-4.12.jar:4.12]
	at org.springframework.test.context.junit4.SpringJUnit4ClassRunner.methodBlock(SpringJUnit4ClassRunner.java:291) [spring-test-5.0.7.RELEASE.jar:5.0.7.RELEASE]
	at org.springframework.test.context.junit4.SpringJUnit4ClassRunner.runChild(SpringJUnit4ClassRunner.java:246) [spring-test-5.0.7.RELEASE.jar:5.0.7.RELEASE]
	at org.springframework.test.context.junit4.SpringJUnit4ClassRunner.runChild(SpringJUnit4ClassRunner.java:97) [spring-test-5.0.7.RELEASE.jar:5.0.7.RELEASE]
	at org.junit.runners.ParentRunner$3.run(ParentRunner.java:290) [junit-4.12.jar:4.12]
	at org.junit.runners.ParentRunner$1.schedule(ParentRunner.java:71) [junit-4.12.jar:4.12]
	at org.junit.runners.ParentRunner.runChildren(ParentRunner.java:288) [junit-4.12.jar:4.12]
	at org.junit.runners.ParentRunner.access$000(ParentRunner.java:58) [junit-4.12.jar:4.12]
	at org.junit.runners.ParentRunner$2.evaluate(ParentRunner.java:268) [junit-4.12.jar:4.12]
	at org.springframework.test.context.junit4.statements.RunBeforeTestClassCallbacks.evaluate(RunBeforeTestClassCallbacks.java:61) [spring-test-5.0.7.RELEASE.jar:5.0.7.RELEASE]
	at org.springframework.test.context.junit4.statements.RunAfterTestClassCallbacks.evaluate(RunAfterTestClassCallbacks.java:70) [spring-test-5.0.7.RELEASE.jar:5.0.7.RELEASE]
	at org.junit.runners.ParentRunner.run(ParentRunner.java:363) [junit-4.12.jar:4.12]
	at org.springframework.test.context.junit4.SpringJUnit4ClassRunner.run(SpringJUnit4ClassRunner.java:190) [spring-test-5.0.7.RELEASE.jar:5.0.7.RELEASE]
	at org.apache.maven.surefire.junit4.JUnit4Provider.execute(JUnit4Provider.java:365) [surefire-junit4-2.21.0.jar:2.21.0]
	at org.apache.maven.surefire.junit4.JUnit4Provider.executeWithRerun(JUnit4Provider.java:273) [surefire-junit4-2.21.0.jar:2.21.0]
	at org.apache.maven.surefire.junit4.JUnit4Provider.executeTestSet(JUnit4Provider.java:238) [surefire-junit4-2.21.0.jar:2.21.0]
	at org.apache.maven.surefire.junit4.JUnit4Provider.invoke(JUnit4Provider.java:159) [surefire-junit4-2.21.0.jar:2.21.0]
	at org.apache.maven.surefire.booter.ForkedBooter.invokeProviderInSameClassLoader(ForkedBooter.java:379) [surefire-booter-2.21.0.jar:2.21.0]
	at org.apache.maven.surefire.booter.ForkedBooter.runSuitesInProcess(ForkedBooter.java:340) [surefire-booter-2.21.0.jar:2.21.0]
	at org.apache.maven.surefire.booter.ForkedBooter.execute(ForkedBooter.java:125) [surefire-booter-2.21.0.jar:2.21.0]
	at org.apache.maven.surefire.booter.ForkedBooter.main(ForkedBooter.java:413) [surefire-booter-2.21.0.jar:2.21.0]
Caused by: java.lang.IllegalStateException: Ambiguous mapping. Cannot map 'formController' method 
public java.lang.String com.xueqing.demo.springbootsecurity.controller.FormController.toupdate()
to {[/update]}: There is already 'formController' bean method
public java.lang.String com.xueqing.demo.springbootsecurity.controller.FormController.update(com.xueqing.demo.springbootsecurity.bean.Book) mapped.
	at org.springframework.web.servlet.handler.AbstractHandlerMethodMapping$MappingRegistry.assertUniqueMethodMapping(AbstractHandlerMethodMapping.java:580) ~[spring-webmvc-5.0.7.RELEASE.jar:5.0.7.RELEASE]
	at org.springframework.web.servlet.handler.AbstractHandlerMethodMapping$MappingRegistry.register(AbstractHandlerMethodMapping.java:544) ~[spring-webmvc-5.0.7.RELEASE.jar:5.0.7.RELEASE]
	at org.springframework.web.servlet.handler.AbstractHandlerMethodMapping.registerHandlerMethod(AbstractHandlerMethodMapping.java:265) ~[spring-webmvc-5.0.7.RELEASE.jar:5.0.7.RELEASE]
	at org.springframework.web.servlet.handler.AbstractHandlerMethodMapping.lambda$detectHandlerMethods$1(AbstractHandlerMethodMapping.java:250) ~[spring-webmvc-5.0.7.RELEASE.jar:5.0.7.RELEASE]
	at java.util.LinkedHashMap.forEach(LinkedHashMap.java:676) ~[na:1.8.0_66]
	at org.springframework.web.servlet.handler.AbstractHandlerMethodMapping.detectHandlerMethods(AbstractHandlerMethodMapping.java:248) ~[spring-webmvc-5.0.7.RELEASE.jar:5.0.7.RELEASE]
	at org.springframework.web.servlet.handler.AbstractHandlerMethodMapping.initHandlerMethods(AbstractHandlerMethodMapping.java:218) ~[spring-webmvc-5.0.7.RELEASE.jar:5.0.7.RELEASE]
	at org.springframework.web.servlet.handler.AbstractHandlerMethodMapping.afterPropertiesSet(AbstractHandlerMethodMapping.java:188) ~[spring-webmvc-5.0.7.RELEASE.jar:5.0.7.RELEASE]
	at org.springframework.web.servlet.mvc.method.annotation.RequestMappingHandlerMapping.afterPropertiesSet(RequestMappingHandlerMapping.java:129) ~[spring-webmvc-5.0.7.RELEASE.jar:5.0.7.RELEASE]
	at org.springframework.beans.factory.support.AbstractAutowireCapableBeanFactory.invokeInitMethods(AbstractAutowireCapableBeanFactory.java:1767) ~[spring-beans-5.0.7.RELEASE.jar:5.0.7.RELEASE]
	at org.springframework.beans.factory.support.AbstractAutowireCapableBeanFactory.initializeBean(AbstractAutowireCapableBeanFactory.java:1704) ~[spring-beans-5.0.7.RELEASE.jar:5.0.7.RELEASE]
	... 42 common frames omitted

2019-09-14 19:11:33.933 ERROR 17392 --- [           main] o.s.test.context.TestContextManager      : Caught exception while allowing TestExecutionListener [org.springframework.test.context.web.ServletTestExecutionListener@25641d39] to prepare test instance [com.xueqing.demo.springbootsecurity.SpringBootSecurityApplicationTests@43bf5397]

java.lang.IllegalStateException: Failed to load ApplicationContext
	at org.springframework.test.context.cache.DefaultCacheAwareContextLoaderDelegate.loadContext(DefaultCacheAwareContextLoaderDelegate.java:125) ~[spring-test-5.0.7.RELEASE.jar:5.0.7.RELEASE]
	at org.springframework.test.context.support.DefaultTestContext.getApplicationContext(DefaultTestContext.java:108) ~[spring-test-5.0.7.RELEASE.jar:5.0.7.RELEASE]
	at org.springframework.test.context.web.ServletTestExecutionListener.setUpRequestContextIfNecessary(ServletTestExecutionListener.java:190) ~[spring-test-5.0.7.RELEASE.jar:5.0.7.RELEASE]
	at org.springframework.test.context.web.ServletTestExecutionListener.prepareTestInstance(ServletTestExecutionListener.java:132) ~[spring-test-5.0.7.RELEASE.jar:5.0.7.RELEASE]
	at org.springframework.test.context.TestContextManager.prepareTestInstance(TestContextManager.java:246) ~[spring-test-5.0.7.RELEASE.jar:5.0.7.RELEASE]
	at org.springframework.test.context.junit4.SpringJUnit4ClassRunner.createTest(SpringJUnit4ClassRunner.java:227) [spring-test-5.0.7.RELEASE.jar:5.0.7.RELEASE]
	at org.springframework.test.context.junit4.SpringJUnit4ClassRunner$1.runReflectiveCall(SpringJUnit4ClassRunner.java:289) [spring-test-5.0.7.RELEASE.jar:5.0.7.RELEASE]
	at org.junit.internal.runners.model.ReflectiveCallable.run(ReflectiveCallable.java:12) [junit-4.12.jar:4.12]
	at org.springframework.test.context.junit4.SpringJUnit4ClassRunner.methodBlock(SpringJUnit4ClassRunner.java:291) [spring-test-5.0.7.RELEASE.jar:5.0.7.RELEASE]
	at org.springframework.test.context.junit4.SpringJUnit4ClassRunner.runChild(SpringJUnit4ClassRunner.java:246) [spring-test-5.0.7.RELEASE.jar:5.0.7.RELEASE]
	at org.springframework.test.context.junit4.SpringJUnit4ClassRunner.runChild(SpringJUnit4ClassRunner.java:97) [spring-test-5.0.7.RELEASE.jar:5.0.7.RELEASE]
	at org.junit.runners.ParentRunner$3.run(ParentRunner.java:290) [junit-4.12.jar:4.12]
	at org.junit.runners.ParentRunner$1.schedule(ParentRunner.java:71) [junit-4.12.jar:4.12]
	at org.junit.runners.ParentRunner.runChildren(ParentRunner.java:288) [junit-4.12.jar:4.12]
	at org.junit.runners.ParentRunner.access$000(ParentRunner.java:58) [junit-4.12.jar:4.12]
	at org.junit.runners.ParentRunner$2.evaluate(ParentRunner.java:268) [junit-4.12.jar:4.12]
	at org.springframework.test.context.junit4.statements.RunBeforeTestClassCallbacks.evaluate(RunBeforeTestClassCallbacks.java:61) [spring-test-5.0.7.RELEASE.jar:5.0.7.RELEASE]
	at org.springframework.test.context.junit4.statements.RunAfterTestClassCallbacks.evaluate(RunAfterTestClassCallbacks.java:70) [spring-test-5.0.7.RELEASE.jar:5.0.7.RELEASE]
	at org.junit.runners.ParentRunner.run(ParentRunner.java:363) [junit-4.12.jar:4.12]
	at org.springframework.test.context.junit4.SpringJUnit4ClassRunner.run(SpringJUnit4ClassRunner.java:190) [spring-test-5.0.7.RELEASE.jar:5.0.7.RELEASE]
	at org.apache.maven.surefire.junit4.JUnit4Provider.execute(JUnit4Provider.java:365) [surefire-junit4-2.21.0.jar:2.21.0]
	at org.apache.maven.surefire.junit4.JUnit4Provider.executeWithRerun(JUnit4Provider.java:273) [surefire-junit4-2.21.0.jar:2.21.0]
	at org.apache.maven.surefire.junit4.JUnit4Provider.executeTestSet(JUnit4Provider.java:238) [surefire-junit4-2.21.0.jar:2.21.0]
	at org.apache.maven.surefire.junit4.JUnit4Provider.invoke(JUnit4Provider.java:159) [surefire-junit4-2.21.0.jar:2.21.0]
	at org.apache.maven.surefire.booter.ForkedBooter.invokeProviderInSameClassLoader(ForkedBooter.java:379) [surefire-booter-2.21.0.jar:2.21.0]
	at org.apache.maven.surefire.booter.ForkedBooter.runSuitesInProcess(ForkedBooter.java:340) [surefire-booter-2.21.0.jar:2.21.0]
	at org.apache.maven.surefire.booter.ForkedBooter.execute(ForkedBooter.java:125) [surefire-booter-2.21.0.jar:2.21.0]
	at org.apache.maven.surefire.booter.ForkedBooter.main(ForkedBooter.java:413) [surefire-booter-2.21.0.jar:2.21.0]
Caused by: org.springframework.beans.factory.BeanCreationException: Error creating bean with name 'requestMappingHandlerMapping' defined in class path resource [com/xueqing/demo/springbootsecurity/config/InterceptorConfig.class]: Invocation of init method failed; nested exception is java.lang.IllegalStateException: Ambiguous mapping. Cannot map 'formController' method 
public java.lang.String com.xueqing.demo.springbootsecurity.controller.FormController.toupdate()
to {[/update]}: There is already 'formController' bean method
public java.lang.String com.xueqing.demo.springbootsecurity.controller.FormController.update(com.xueqing.demo.springbootsecurity.bean.Book) mapped.
	at org.springframework.beans.factory.support.AbstractAutowireCapableBeanFactory.initializeBean(AbstractAutowireCapableBeanFactory.java:1708) ~[spring-beans-5.0.7.RELEASE.jar:5.0.7.RELEASE]
	at org.springframework.beans.factory.support.AbstractAutowireCapableBeanFactory.doCreateBean(AbstractAutowireCapableBeanFactory.java:581) ~[spring-beans-5.0.7.RELEASE.jar:5.0.7.RELEASE]
	at org.springframework.beans.factory.support.AbstractAutowireCapableBeanFactory.createBean(AbstractAutowireCapableBeanFactory.java:503) ~[spring-beans-5.0.7.RELEASE.jar:5.0.7.RELEASE]
	at org.springframework.beans.factory.support.AbstractBeanFactory.lambda$doGetBean$0(AbstractBeanFactory.java:317) ~[spring-beans-5.0.7.RELEASE.jar:5.0.7.RELEASE]
	at org.springframework.beans.factory.support.DefaultSingletonBeanRegistry.getSingleton(DefaultSingletonBeanRegistry.java:222) ~[spring-beans-5.0.7.RELEASE.jar:5.0.7.RELEASE]
	at org.springframework.beans.factory.support.AbstractBeanFactory.doGetBean(AbstractBeanFactory.java:315) ~[spring-beans-5.0.7.RELEASE.jar:5.0.7.RELEASE]
	at org.springframework.beans.factory.support.AbstractBeanFactory.getBean(AbstractBeanFactory.java:199) ~[spring-beans-5.0.7.RELEASE.jar:5.0.7.RELEASE]
	at org.springframework.beans.factory.support.DefaultListableBeanFactory.preInstantiateSingletons(DefaultListableBeanFactory.java:760) ~[spring-beans-5.0.7.RELEASE.jar:5.0.7.RELEASE]
	at org.springframework.context.support.AbstractApplicationContext.finishBeanFactoryInitialization(AbstractApplicationContext.java:869) ~[spring-context-5.0.7.RELEASE.jar:5.0.7.RELEASE]
	at org.springframework.context.support.AbstractApplicationContext.refresh(AbstractApplicationContext.java:550) ~[spring-context-5.0.7.RELEASE.jar:5.0.7.RELEASE]
	at org.springframework.boot.SpringApplication.refresh(SpringApplication.java:759) ~[spring-boot-2.0.3.RELEASE.jar:2.0.3.RELEASE]
	at org.springframework.boot.SpringApplication.refreshContext(SpringApplication.java:395) ~[spring-boot-2.0.3.RELEASE.jar:2.0.3.RELEASE]
	at org.springframework.boot.SpringApplication.run(SpringApplication.java:327) ~[spring-boot-2.0.3.RELEASE.jar:2.0.3.RELEASE]
	at org.springframework.boot.test.context.SpringBootContextLoader.loadContext(SpringBootContextLoader.java:139) ~[spring-boot-test-2.0.3.RELEASE.jar:2.0.3.RELEASE]
	at org.springframework.test.context.cache.DefaultCacheAwareContextLoaderDelegate.loadContextInternal(DefaultCacheAwareContextLoaderDelegate.java:99) ~[spring-test-5.0.7.RELEASE.jar:5.0.7.RELEASE]
	at org.springframework.test.context.cache.DefaultCacheAwareContextLoaderDelegate.loadContext(DefaultCacheAwareContextLoaderDelegate.java:117) ~[spring-test-5.0.7.RELEASE.jar:5.0.7.RELEASE]
	... 27 common frames omitted
Caused by: java.lang.IllegalStateException: Ambiguous mapping. Cannot map 'formController' method 
public java.lang.String com.xueqing.demo.springbootsecurity.controller.FormController.toupdate()
to {[/update]}: There is already 'formController' bean method
public java.lang.String com.xueqing.demo.springbootsecurity.controller.FormController.update(com.xueqing.demo.springbootsecurity.bean.Book) mapped.
	at org.springframework.web.servlet.handler.AbstractHandlerMethodMapping$MappingRegistry.assertUniqueMethodMapping(AbstractHandlerMethodMapping.java:580) ~[spring-webmvc-5.0.7.RELEASE.jar:5.0.7.RELEASE]
	at org.springframework.web.servlet.handler.AbstractHandlerMethodMapping$MappingRegistry.register(AbstractHandlerMethodMapping.java:544) ~[spring-webmvc-5.0.7.RELEASE.jar:5.0.7.RELEASE]
	at org.springframework.web.servlet.handler.AbstractHandlerMethodMapping.registerHandlerMethod(AbstractHandlerMethodMapping.java:265) ~[spring-webmvc-5.0.7.RELEASE.jar:5.0.7.RELEASE]
	at org.springframework.web.servlet.handler.AbstractHandlerMethodMapping.lambda$detectHandlerMethods$1(AbstractHandlerMethodMapping.java:250) ~[spring-webmvc-5.0.7.RELEASE.jar:5.0.7.RELEASE]
	at java.util.LinkedHashMap.forEach(LinkedHashMap.java:676) ~[na:1.8.0_66]
	at org.springframework.web.servlet.handler.AbstractHandlerMethodMapping.detectHandlerMethods(AbstractHandlerMethodMapping.java:248) ~[spring-webmvc-5.0.7.RELEASE.jar:5.0.7.RELEASE]
	at org.springframework.web.servlet.handler.AbstractHandlerMethodMapping.initHandlerMethods(AbstractHandlerMethodMapping.java:218) ~[spring-webmvc-5.0.7.RELEASE.jar:5.0.7.RELEASE]
	at org.springframework.web.servlet.handler.AbstractHandlerMethodMapping.afterPropertiesSet(AbstractHandlerMethodMapping.java:188) ~[spring-webmvc-5.0.7.RELEASE.jar:5.0.7.RELEASE]
	at org.springframework.web.servlet.mvc.method.annotation.RequestMappingHandlerMapping.afterPropertiesSet(RequestMappingHandlerMapping.java:129) ~[spring-webmvc-5.0.7.RELEASE.jar:5.0.7.RELEASE]
	at org.springframework.beans.factory.support.AbstractAutowireCapableBeanFactory.invokeInitMethods(AbstractAutowireCapableBeanFactory.java:1767) ~[spring-beans-5.0.7.RELEASE.jar:5.0.7.RELEASE]
	at org.springframework.beans.factory.support.AbstractAutowireCapableBeanFactory.initializeBean(AbstractAutowireCapableBeanFactory.java:1704) ~[spring-beans-5.0.7.RELEASE.jar:5.0.7.RELEASE]
	... 42 common frames omitted

]]></system-out>
    <system-err><![CDATA[Loading class `com.mysql.jdbc.Driver'. This is deprecated. The new driver class is `com.mysql.cj.jdbc.Driver'. The driver is automatically registered via the SPI and manual loading of the driver class is generally unnecessary.
]]></system-err>
  </testcase>
</testsuite>